[0.026s] Invoking command in '/home/mandar/ros2_ws/build/my_box_bot_description': CMAKE_PREFIX_PATH=${CMAKE_PREFIX_PATH}:/opt/ros/humble /usr/bin/cmake --build /home/mandar/ros2_ws/build/my_box_bot_description -- -j12 -l12
[0.052s] -- Found ament_cmake: 1.3.2 (/opt/ros/humble/share/ament_cmake/cmake)
[0.200s] -- Found urdf: 2.6.0 (/opt/ros/humble/share/urdf/cmake)
[0.231s] -- Found xacro: 2.0.7 (/opt/ros/humble/share/xacro/cmake)
[0.232s] -- Found ros2_control: 2.16.0 (/opt/ros/humble/share/ros2_control/cmake)
[0.232s] -- Found gazebo_ros2_control: 0.4.0 (/opt/ros/humble/share/gazebo_ros2_control/cmake)
[0.259s] -- Found rosidl_generator_c: 3.1.3 (/opt/ros/humble/share/rosidl_generator_c/cmake)
[0.262s] -- Found rosidl_adapter: 3.1.3 (/opt/ros/humble/share/rosidl_adapter/cmake)
[0.270s] -- Found rosidl_generator_cpp: 3.1.3 (/opt/ros/humble/share/rosidl_generator_cpp/cmake)
[0.286s] -- Using all available rosidl_typesupport_c: rosidl_typesupport_fastrtps_c;rosidl_typesupport_introspection_c
[0.304s] -- Using all available rosidl_typesupport_cpp: rosidl_typesupport_fastrtps_cpp;rosidl_typesupport_introspection_cpp
[0.389s] -- Found rmw_implementation_cmake: 6.1.0 (/opt/ros/humble/share/rmw_implementation_cmake/cmake)
[0.391s] -- Found rmw_fastrtps_cpp: 6.2.1 (/opt/ros/humble/share/rmw_fastrtps_cpp/cmake)
[0.571s] -- Using RMW implementation 'rmw_fastrtps_cpp' as default
[0.796s] -- Found joint_state_broadcaster: 2.12.0 (/opt/ros/humble/share/joint_state_broadcaster/cmake)
[1.892s] [31mCMake Error at CMakeLists.txt:53 (find_package):
[1.893s]   By not providing "Findjoint_trajectory_controller.cmake" in
[1.893s]   CMAKE_MODULE_PATH this project has asked CMake to find a package
[1.893s]   configuration file provided by "joint_trajectory_controller", but CMake did
[1.893s]   not find one.
[1.893s] 
[1.893s]   Could not find a package configuration file provided by
[1.893s]   "joint_trajectory_controller" with any of the following names:
[1.893s] 
[1.893s]     joint_trajectory_controllerConfig.cmake
[1.893s]     joint_trajectory_controller-config.cmake
[1.893s] 
[1.894s]   Add the installation prefix of "joint_trajectory_controller" to
[1.894s]   CMAKE_PREFIX_PATH or set "joint_trajectory_controller_DIR" to a directory
[1.894s]   containing one of the above files.  If "joint_trajectory_controller"
[1.894s]   provides a separate development package or SDK, be sure it has been
[1.894s]   installed.
[1.894s] 
[1.894s] [0m
[1.894s] -- Configuring incomplete, errors occurred!
[1.894s] See also "/home/mandar/ros2_ws/build/my_box_bot_description/CMakeFiles/CMakeOutput.log".
[1.900s] gmake: *** [Makefile:226: cmake_check_build_system] Error 1
[1.903s] Invoked command in '/home/mandar/ros2_ws/build/my_box_bot_description' returned '2': CMAKE_PREFIX_PATH=${CMAKE_PREFIX_PATH}:/opt/ros/humble /usr/bin/cmake --build /home/mandar/ros2_ws/build/my_box_bot_description -- -j12 -l12
