[0.676s] DEBUG:colcon:Command line arguments: ['/home/mandar/.local/bin/colcon', 'build']
[0.676s] DEBUG:colcon:Parsed command line arguments: Namespace(log_base=None, log_level=None, verb_name='build', build_base='build', install_base='install', merge_install=False, symlink_install=False, test_result_base=None, continue_on_error=False, executor='parallel', parallel_workers=12, event_handlers=None, ignore_user_meta=False, metas=['./colcon.meta'], base_paths=['.'], packages_ignore=None, packages_ignore_regex=None, paths=None, packages_up_to=None, packages_up_to_regex=None, packages_above=None, packages_above_and_dependencies=None, packages_above_depth=None, packages_select_by_dep=None, packages_skip_by_dep=None, packages_skip_up_to=None, packages_select_build_failed=False, packages_skip_build_finished=False, packages_select_test_failures=False, packages_skip_test_passed=False, packages_select=None, packages_skip=None, packages_select_regex=None, packages_skip_regex=None, packages_start=None, packages_end=None, allow_overriding=[], cmake_args=None, cmake_target=None, cmake_target_skip_unavailable=False, cmake_clean_cache=False, cmake_clean_first=False, cmake_force_configure=False, ament_cmake_args=None, catkin_cmake_args=None, catkin_skip_building_tests=False, verb_parser=<colcon_defaults.argument_parser.defaults.DefaultArgumentsDecorator object at 0x7fab11920700>, verb_extension=<colcon_core.verb.build.BuildVerb object at 0x7fab122eddb0>, main=<bound method BuildVerb.main of <colcon_core.verb.build.BuildVerb object at 0x7fab122eddb0>>)
[0.715s] Level 1:colcon.colcon_core.package_discovery:discover_packages(colcon_meta) check parameters
[0.715s] Level 1:colcon.colcon_core.package_discovery:discover_packages(recursive) check parameters
[0.715s] Level 1:colcon.colcon_core.package_discovery:discover_packages(ignore) check parameters
[0.715s] Level 1:colcon.colcon_core.package_discovery:discover_packages(path) check parameters
[0.715s] Level 1:colcon.colcon_core.package_discovery:discover_packages(colcon_meta) discover
[0.715s] Level 1:colcon.colcon_core.package_discovery:discover_packages(recursive) discover
[0.715s] INFO:colcon.colcon_core.package_discovery:Crawling recursively for packages in '/home/mandar/ros2_ws'
[0.715s] Level 1:colcon.colcon_core.package_identification:_identify(.) by extensions ['ignore', 'ignore_ament_install']
[0.715s] Level 1:colcon.colcon_core.package_identification:_identify(.) by extension 'ignore'
[0.715s] Level 1:colcon.colcon_core.package_identification:_identify(.) by extension 'ignore_ament_install'
[0.715s] Level 1:colcon.colcon_core.package_identification:_identify(.) by extensions ['colcon_pkg']
[0.715s] Level 1:colcon.colcon_core.package_identification:_identify(.) by extension 'colcon_pkg'
[0.715s] Level 1:colcon.colcon_core.package_identification:_identify(.) by extensions ['colcon_meta']
[0.716s] Level 1:colcon.colcon_core.package_identification:_identify(.) by extension 'colcon_meta'
[0.716s] Level 1:colcon.colcon_core.package_identification:_identify(.) by extensions ['ros']
[0.716s] Level 1:colcon.colcon_core.package_identification:_identify(.) by extension 'ros'
[0.730s] Level 1:colcon.colcon_core.package_identification:_identify(.) by extensions ['cmake', 'python']
[0.730s] Level 1:colcon.colcon_core.package_identification:_identify(.) by extension 'cmake'
[0.730s] Level 1:colcon.colcon_core.package_identification:_identify(.) by extension 'python'
[0.730s] Level 1:colcon.colcon_core.package_identification:_identify(.) by extensions ['python_setup_py']
[0.730s] Level 1:colcon.colcon_core.package_identification:_identify(.) by extension 'python_setup_py'
[0.730s] Level 1:colcon.colcon_core.package_identification:_identify(build) by extensions ['ignore', 'ignore_ament_install']
[0.730s] Level 1:colcon.colcon_core.package_identification:_identify(build) by extension 'ignore'
[0.730s] Level 1:colcon.colcon_core.package_identification:_identify(build) ignored
[0.731s] Level 1:colcon.colcon_core.package_identification:_identify(install) by extensions ['ignore', 'ignore_ament_install']
[0.731s] Level 1:colcon.colcon_core.package_identification:_identify(install) by extension 'ignore'
[0.731s] Level 1:colcon.colcon_core.package_identification:_identify(install) ignored
[0.731s] Level 1:colcon.colcon_core.package_identification:_identify(log) by extensions ['ignore', 'ignore_ament_install']
[0.731s] Level 1:colcon.colcon_core.package_identification:_identify(log) by extension 'ignore'
[0.731s] Level 1:colcon.colcon_core.package_identification:_identify(log) ignored
[0.731s] Level 1:colcon.colcon_core.package_identification:_identify(src) by extensions ['ignore', 'ignore_ament_install']
[0.731s] Level 1:colcon.colcon_core.package_identification:_identify(src) by extension 'ignore'
[0.731s] Level 1:colcon.colcon_core.package_identification:_identify(src) by extension 'ignore_ament_install'
[0.731s] Level 1:colcon.colcon_core.package_identification:_identify(src) by extensions ['colcon_pkg']
[0.731s] Level 1:colcon.colcon_core.package_identification:_identify(src) by extension 'colcon_pkg'
[0.732s] Level 1:colcon.colcon_core.package_identification:_identify(src) by extensions ['colcon_meta']
[0.732s] Level 1:colcon.colcon_core.package_identification:_identify(src) by extension 'colcon_meta'
[0.732s] Level 1:colcon.colcon_core.package_identification:_identify(src) by extensions ['ros']
[0.732s] Level 1:colcon.colcon_core.package_identification:_identify(src) by extension 'ros'
[0.732s] Level 1:colcon.colcon_core.package_identification:_identify(src) by extensions ['cmake', 'python']
[0.732s] Level 1:colcon.colcon_core.package_identification:_identify(src) by extension 'cmake'
[0.732s] Level 1:colcon.colcon_core.package_identification:_identify(src) by extension 'python'
[0.732s] Level 1:colcon.colcon_core.package_identification:_identify(src) by extensions ['python_setup_py']
[0.732s] Level 1:colcon.colcon_core.package_identification:_identify(src) by extension 'python_setup_py'
[0.732s] Level 1:colcon.colcon_core.package_identification:_identify(src/my_box_bot_description) by extensions ['ignore', 'ignore_ament_install']
[0.732s] Level 1:colcon.colcon_core.package_identification:_identify(src/my_box_bot_description) by extension 'ignore'
[0.732s] Level 1:colcon.colcon_core.package_identification:_identify(src/my_box_bot_description) by extension 'ignore_ament_install'
[0.732s] Level 1:colcon.colcon_core.package_identification:_identify(src/my_box_bot_description) by extensions ['colcon_pkg']
[0.732s] Level 1:colcon.colcon_core.package_identification:_identify(src/my_box_bot_description) by extension 'colcon_pkg'
[0.732s] Level 1:colcon.colcon_core.package_identification:_identify(src/my_box_bot_description) by extensions ['colcon_meta']
[0.733s] Level 1:colcon.colcon_core.package_identification:_identify(src/my_box_bot_description) by extension 'colcon_meta'
[0.733s] Level 1:colcon.colcon_core.package_identification:_identify(src/my_box_bot_description) by extensions ['ros']
[0.733s] Level 1:colcon.colcon_core.package_identification:_identify(src/my_box_bot_description) by extension 'ros'
[0.736s] DEBUG:colcon.colcon_core.package_identification:Package 'src/my_box_bot_description' with type 'ros.ament_cmake' and name 'my_box_bot_description'
[0.736s] Level 1:colcon.colcon_core.package_identification:_identify(src/my_box_bot_gazebo) by extensions ['ignore', 'ignore_ament_install']
[0.736s] Level 1:colcon.colcon_core.package_identification:_identify(src/my_box_bot_gazebo) by extension 'ignore'
[0.736s] Level 1:colcon.colcon_core.package_identification:_identify(src/my_box_bot_gazebo) by extension 'ignore_ament_install'
[0.736s] Level 1:colcon.colcon_core.package_identification:_identify(src/my_box_bot_gazebo) by extensions ['colcon_pkg']
[0.736s] Level 1:colcon.colcon_core.package_identification:_identify(src/my_box_bot_gazebo) by extension 'colcon_pkg'
[0.736s] Level 1:colcon.colcon_core.package_identification:_identify(src/my_box_bot_gazebo) by extensions ['colcon_meta']
[0.736s] Level 1:colcon.colcon_core.package_identification:_identify(src/my_box_bot_gazebo) by extension 'colcon_meta'
[0.737s] Level 1:colcon.colcon_core.package_identification:_identify(src/my_box_bot_gazebo) by extensions ['ros']
[0.737s] Level 1:colcon.colcon_core.package_identification:_identify(src/my_box_bot_gazebo) by extension 'ros'
[0.737s] DEBUG:colcon.colcon_core.package_identification:Package 'src/my_box_bot_gazebo' with type 'ros.ament_cmake' and name 'my_box_bot_gazebo'
[0.738s] Level 1:colcon.colcon_core.package_discovery:discover_packages(recursive) using defaults
[0.738s] Level 1:colcon.colcon_core.package_discovery:discover_packages(ignore) discover
[0.738s] Level 1:colcon.colcon_core.package_discovery:discover_packages(ignore) using defaults
[0.738s] Level 1:colcon.colcon_core.package_discovery:discover_packages(path) discover
[0.738s] Level 1:colcon.colcon_core.package_discovery:discover_packages(path) using defaults
[0.779s] Level 1:colcon.colcon_core.package_discovery:discover_packages(prefix_path) check parameters
[0.779s] Level 1:colcon.colcon_core.package_discovery:discover_packages(prefix_path) discover
[0.789s] DEBUG:colcon.colcon_installed_package_information.package_discovery:Found 2 installed packages in /home/mandar/ros2_ws/install
[0.795s] DEBUG:colcon.colcon_installed_package_information.package_discovery:Found 360 installed packages in /opt/ros/humble
[0.797s] Level 1:colcon.colcon_core.package_discovery:discover_packages(prefix_path) using defaults
[0.904s] Level 5:colcon.colcon_core.verb:set package 'my_box_bot_description' build argument 'cmake_args' from command line to 'None'
[0.904s] Level 5:colcon.colcon_core.verb:set package 'my_box_bot_description' build argument 'cmake_target' from command line to 'None'
[0.904s] Level 5:colcon.colcon_core.verb:set package 'my_box_bot_description' build argument 'cmake_target_skip_unavailable' from command line to 'False'
[0.904s] Level 5:colcon.colcon_core.verb:set package 'my_box_bot_description' build argument 'cmake_clean_cache' from command line to 'False'
[0.904s] Level 5:colcon.colcon_core.verb:set package 'my_box_bot_description' build argument 'cmake_clean_first' from command line to 'False'
[0.904s] Level 5:colcon.colcon_core.verb:set package 'my_box_bot_description' build argument 'cmake_force_configure' from command line to 'False'
[0.904s] Level 5:colcon.colcon_core.verb:set package 'my_box_bot_description' build argument 'ament_cmake_args' from command line to 'None'
[0.904s] Level 5:colcon.colcon_core.verb:set package 'my_box_bot_description' build argument 'catkin_cmake_args' from command line to 'None'
[0.904s] Level 5:colcon.colcon_core.verb:set package 'my_box_bot_description' build argument 'catkin_skip_building_tests' from command line to 'False'
[0.904s] DEBUG:colcon.colcon_core.verb:Building package 'my_box_bot_description' with the following arguments: {'ament_cmake_args': None, 'build_base': '/home/mandar/ros2_ws/build/my_box_bot_description', 'catkin_cmake_args': None, 'catkin_skip_building_tests': False, 'cmake_args': None, 'cmake_clean_cache': False, 'cmake_clean_first': False, 'cmake_force_configure': False, 'cmake_target': None, 'cmake_target_skip_unavailable': False, 'install_base': '/home/mandar/ros2_ws/install/my_box_bot_description', 'merge_install': False, 'path': '/home/mandar/ros2_ws/src/my_box_bot_description', 'symlink_install': False, 'test_result_base': None}
[0.913s] Level 5:colcon.colcon_core.verb:set package 'my_box_bot_gazebo' build argument 'cmake_args' from command line to 'None'
[0.913s] Level 5:colcon.colcon_core.verb:set package 'my_box_bot_gazebo' build argument 'cmake_target' from command line to 'None'
[0.913s] Level 5:colcon.colcon_core.verb:set package 'my_box_bot_gazebo' build argument 'cmake_target_skip_unavailable' from command line to 'False'
[0.913s] Level 5:colcon.colcon_core.verb:set package 'my_box_bot_gazebo' build argument 'cmake_clean_cache' from command line to 'False'
[0.913s] Level 5:colcon.colcon_core.verb:set package 'my_box_bot_gazebo' build argument 'cmake_clean_first' from command line to 'False'
[0.913s] Level 5:colcon.colcon_core.verb:set package 'my_box_bot_gazebo' build argument 'cmake_force_configure' from command line to 'False'
[0.913s] Level 5:colcon.colcon_core.verb:set package 'my_box_bot_gazebo' build argument 'ament_cmake_args' from command line to 'None'
[0.913s] Level 5:colcon.colcon_core.verb:set package 'my_box_bot_gazebo' build argument 'catkin_cmake_args' from command line to 'None'
[0.913s] Level 5:colcon.colcon_core.verb:set package 'my_box_bot_gazebo' build argument 'catkin_skip_building_tests' from command line to 'False'
[0.913s] DEBUG:colcon.colcon_core.verb:Building package 'my_box_bot_gazebo' with the following arguments: {'ament_cmake_args': None, 'build_base': '/home/mandar/ros2_ws/build/my_box_bot_gazebo', 'catkin_cmake_args': None, 'catkin_skip_building_tests': False, 'cmake_args': None, 'cmake_clean_cache': False, 'cmake_clean_first': False, 'cmake_force_configure': False, 'cmake_target': None, 'cmake_target_skip_unavailable': False, 'install_base': '/home/mandar/ros2_ws/install/my_box_bot_gazebo', 'merge_install': False, 'path': '/home/mandar/ros2_ws/src/my_box_bot_gazebo', 'symlink_install': False, 'test_result_base': None}
[0.915s] INFO:colcon.colcon_core.executor:Executing jobs using 'parallel' executor
[0.927s] DEBUG:colcon.colcon_parallel_executor.executor.parallel:run_until_complete
[0.928s] INFO:colcon.colcon_ros.task.ament_cmake.build:Building ROS package in '/home/mandar/ros2_ws/src/my_box_bot_description' with build type 'ament_cmake'
[0.928s] INFO:colcon.colcon_cmake.task.cmake.build:Building CMake package in '/home/mandar/ros2_ws/src/my_box_bot_description'
[0.937s] INFO:colcon.colcon_core.plugin_system:Skipping extension 'colcon_core.shell.bat': Not used on non-Windows systems
[0.937s] INFO:colcon.colcon_core.shell:Skip shell extension 'powershell' for command environment: Not usable outside of PowerShell
[0.937s] DEBUG:colcon.colcon_core.shell:Skip shell extension 'dsv' for command environment
[0.957s] DEBUG:colcon.colcon_core.event_handler.log_command:Invoking command in '/home/mandar/ros2_ws/build/my_box_bot_description': CMAKE_PREFIX_PATH=${CMAKE_PREFIX_PATH}:/opt/ros/humble /usr/bin/cmake /home/mandar/ros2_ws/src/my_box_bot_description -DCMAKE_INSTALL_PREFIX=/home/mandar/ros2_ws/install/my_box_bot_description
[1.872s] DEBUG:colcon.colcon_core.event_handler.log_command:Invoked command in '/home/mandar/ros2_ws/build/my_box_bot_description' returned '0': CMAKE_PREFIX_PATH=${CMAKE_PREFIX_PATH}:/opt/ros/humble /usr/bin/cmake /home/mandar/ros2_ws/src/my_box_bot_description -DCMAKE_INSTALL_PREFIX=/home/mandar/ros2_ws/install/my_box_bot_description
[1.874s] DEBUG:colcon.colcon_core.event_handler.log_command:Invoking command in '/home/mandar/ros2_ws/build/my_box_bot_description': CMAKE_PREFIX_PATH=${CMAKE_PREFIX_PATH}:/opt/ros/humble /usr/bin/cmake --build /home/mandar/ros2_ws/build/my_box_bot_description -- -j12 -l12
[1.917s] DEBUG:colcon.colcon_core.event_handler.log_command:Invoked command in '/home/mandar/ros2_ws/build/my_box_bot_description' returned '0': CMAKE_PREFIX_PATH=${CMAKE_PREFIX_PATH}:/opt/ros/humble /usr/bin/cmake --build /home/mandar/ros2_ws/build/my_box_bot_description -- -j12 -l12
[1.952s] DEBUG:colcon.colcon_core.event_handler.log_command:Invoking command in '/home/mandar/ros2_ws/build/my_box_bot_description': CMAKE_PREFIX_PATH=${CMAKE_PREFIX_PATH}:/opt/ros/humble /usr/bin/cmake --install /home/mandar/ros2_ws/build/my_box_bot_description
[1.964s] Level 1:colcon.colcon_core.environment:create_environment_scripts_only(my_box_bot_description)
[1.964s] DEBUG:colcon.colcon_core.event_handler.log_command:Invoked command in '/home/mandar/ros2_ws/build/my_box_bot_description' returned '0': CMAKE_PREFIX_PATH=${CMAKE_PREFIX_PATH}:/opt/ros/humble /usr/bin/cmake --install /home/mandar/ros2_ws/build/my_box_bot_description
[1.971s] Level 1:colcon.colcon_core.environment:checking '/home/mandar/ros2_ws/install/my_box_bot_description' for CMake module files
[1.972s] Level 1:colcon.colcon_core.environment:checking '/home/mandar/ros2_ws/install/my_box_bot_description' for CMake config files
[1.973s] Level 1:colcon.colcon_core.shell:create_environment_hook('my_box_bot_description', 'cmake_prefix_path')
[1.976s] INFO:colcon.colcon_core.shell:Creating environment hook '/home/mandar/ros2_ws/install/my_box_bot_description/share/my_box_bot_description/hook/cmake_prefix_path.ps1'
[1.977s] INFO:colcon.colcon_core.shell:Creating environment descriptor '/home/mandar/ros2_ws/install/my_box_bot_description/share/my_box_bot_description/hook/cmake_prefix_path.dsv'
[1.977s] INFO:colcon.colcon_core.shell:Creating environment hook '/home/mandar/ros2_ws/install/my_box_bot_description/share/my_box_bot_description/hook/cmake_prefix_path.sh'
[1.978s] Level 1:colcon.colcon_core.environment:checking '/home/mandar/ros2_ws/install/my_box_bot_description/bin'
[1.978s] Level 1:colcon.colcon_core.environment:checking '/home/mandar/ros2_ws/install/my_box_bot_description/lib/pkgconfig/my_box_bot_description.pc'
[1.979s] Level 1:colcon.colcon_core.environment:checking '/home/mandar/ros2_ws/install/my_box_bot_description/lib/python3.10/site-packages'
[1.979s] Level 1:colcon.colcon_core.environment:checking '/home/mandar/ros2_ws/install/my_box_bot_description/bin'
[1.983s] INFO:colcon.colcon_core.shell:Creating package script '/home/mandar/ros2_ws/install/my_box_bot_description/share/my_box_bot_description/package.ps1'
[1.984s] INFO:colcon.colcon_core.shell:Creating package descriptor '/home/mandar/ros2_ws/install/my_box_bot_description/share/my_box_bot_description/package.dsv'
[1.984s] INFO:colcon.colcon_core.shell:Creating package script '/home/mandar/ros2_ws/install/my_box_bot_description/share/my_box_bot_description/package.sh'
[1.985s] INFO:colcon.colcon_core.shell:Creating package script '/home/mandar/ros2_ws/install/my_box_bot_description/share/my_box_bot_description/package.bash'
[1.985s] INFO:colcon.colcon_core.shell:Creating package script '/home/mandar/ros2_ws/install/my_box_bot_description/share/my_box_bot_description/package.zsh'
[1.986s] Level 1:colcon.colcon_core.environment:create_file_with_runtime_dependencies(/home/mandar/ros2_ws/install/my_box_bot_description/share/colcon-core/packages/my_box_bot_description)
[2.009s] Level 1:colcon.colcon_core.environment:create_environment_scripts_only(my_box_bot_description)
[2.014s] Level 1:colcon.colcon_core.environment:checking '/home/mandar/ros2_ws/install/my_box_bot_description' for CMake module files
[2.015s] Level 1:colcon.colcon_core.environment:checking '/home/mandar/ros2_ws/install/my_box_bot_description' for CMake config files
[2.016s] Level 1:colcon.colcon_core.shell:create_environment_hook('my_box_bot_description', 'cmake_prefix_path')
[2.020s] INFO:colcon.colcon_core.shell:Creating environment hook '/home/mandar/ros2_ws/install/my_box_bot_description/share/my_box_bot_description/hook/cmake_prefix_path.ps1'
[2.020s] INFO:colcon.colcon_core.shell:Creating environment descriptor '/home/mandar/ros2_ws/install/my_box_bot_description/share/my_box_bot_description/hook/cmake_prefix_path.dsv'
[2.021s] INFO:colcon.colcon_core.shell:Creating environment hook '/home/mandar/ros2_ws/install/my_box_bot_description/share/my_box_bot_description/hook/cmake_prefix_path.sh'
[2.021s] Level 1:colcon.colcon_core.environment:checking '/home/mandar/ros2_ws/install/my_box_bot_description/bin'
[2.022s] Level 1:colcon.colcon_core.environment:checking '/home/mandar/ros2_ws/install/my_box_bot_description/lib/pkgconfig/my_box_bot_description.pc'
[2.022s] Level 1:colcon.colcon_core.environment:checking '/home/mandar/ros2_ws/install/my_box_bot_description/lib/python3.10/site-packages'
[2.022s] Level 1:colcon.colcon_core.environment:checking '/home/mandar/ros2_ws/install/my_box_bot_description/bin'
[2.027s] INFO:colcon.colcon_core.shell:Creating package script '/home/mandar/ros2_ws/install/my_box_bot_description/share/my_box_bot_description/package.ps1'
[2.027s] INFO:colcon.colcon_core.shell:Creating package descriptor '/home/mandar/ros2_ws/install/my_box_bot_description/share/my_box_bot_description/package.dsv'
[2.028s] INFO:colcon.colcon_core.shell:Creating package script '/home/mandar/ros2_ws/install/my_box_bot_description/share/my_box_bot_description/package.sh'
[2.029s] INFO:colcon.colcon_core.shell:Creating package script '/home/mandar/ros2_ws/install/my_box_bot_description/share/my_box_bot_description/package.bash'
[2.029s] INFO:colcon.colcon_core.shell:Creating package script '/home/mandar/ros2_ws/install/my_box_bot_description/share/my_box_bot_description/package.zsh'
[2.030s] Level 1:colcon.colcon_core.environment:create_file_with_runtime_dependencies(/home/mandar/ros2_ws/install/my_box_bot_description/share/colcon-core/packages/my_box_bot_description)
[2.030s] INFO:colcon.colcon_ros.task.ament_cmake.build:Building ROS package in '/home/mandar/ros2_ws/src/my_box_bot_gazebo' with build type 'ament_cmake'
[2.030s] INFO:colcon.colcon_cmake.task.cmake.build:Building CMake package in '/home/mandar/ros2_ws/src/my_box_bot_gazebo'
[2.036s] INFO:colcon.colcon_core.shell:Skip shell extension 'powershell' for command environment: Not usable outside of PowerShell
[2.036s] DEBUG:colcon.colcon_core.shell:Skip shell extension 'dsv' for command environment
[2.059s] DEBUG:colcon.colcon_core.event_handler.log_command:Invoking command in '/home/mandar/ros2_ws/build/my_box_bot_gazebo': CMAKE_PREFIX_PATH=/home/mandar/ros2_ws/install/my_box_bot_description:/home/mandar/ros2_ws/install/my_box_bot_gazebo:/opt/ros/humble /usr/bin/cmake /home/mandar/ros2_ws/src/my_box_bot_gazebo -DCMAKE_INSTALL_PREFIX=/home/mandar/ros2_ws/install/my_box_bot_gazebo
[5.008s] DEBUG:colcon.colcon_core.event_handler.log_command:Invoked command in '/home/mandar/ros2_ws/build/my_box_bot_gazebo' returned '0': CMAKE_PREFIX_PATH=/home/mandar/ros2_ws/install/my_box_bot_description:/home/mandar/ros2_ws/install/my_box_bot_gazebo:/opt/ros/humble /usr/bin/cmake /home/mandar/ros2_ws/src/my_box_bot_gazebo -DCMAKE_INSTALL_PREFIX=/home/mandar/ros2_ws/install/my_box_bot_gazebo
[5.010s] DEBUG:colcon.colcon_core.event_handler.log_command:Invoking command in '/home/mandar/ros2_ws/build/my_box_bot_gazebo': CMAKE_PREFIX_PATH=/home/mandar/ros2_ws/install/my_box_bot_description:/home/mandar/ros2_ws/install/my_box_bot_gazebo:/opt/ros/humble /usr/bin/cmake --build /home/mandar/ros2_ws/build/my_box_bot_gazebo -- -j12 -l12
[5.057s] DEBUG:colcon.colcon_core.event_handler.log_command:Invoked command in '/home/mandar/ros2_ws/build/my_box_bot_gazebo' returned '0': CMAKE_PREFIX_PATH=/home/mandar/ros2_ws/install/my_box_bot_description:/home/mandar/ros2_ws/install/my_box_bot_gazebo:/opt/ros/humble /usr/bin/cmake --build /home/mandar/ros2_ws/build/my_box_bot_gazebo -- -j12 -l12
[5.085s] DEBUG:colcon.colcon_core.event_handler.log_command:Invoking command in '/home/mandar/ros2_ws/build/my_box_bot_gazebo': CMAKE_PREFIX_PATH=/home/mandar/ros2_ws/install/my_box_bot_description:/home/mandar/ros2_ws/install/my_box_bot_gazebo:/opt/ros/humble /usr/bin/cmake --install /home/mandar/ros2_ws/build/my_box_bot_gazebo
[5.095s] Level 1:colcon.colcon_core.environment:create_environment_scripts_only(my_box_bot_gazebo)
[5.101s] DEBUG:colcon.colcon_core.event_handler.log_command:Invoked command in '/home/mandar/ros2_ws/build/my_box_bot_gazebo' returned '0': CMAKE_PREFIX_PATH=/home/mandar/ros2_ws/install/my_box_bot_description:/home/mandar/ros2_ws/install/my_box_bot_gazebo:/opt/ros/humble /usr/bin/cmake --install /home/mandar/ros2_ws/build/my_box_bot_gazebo
[5.103s] Level 1:colcon.colcon_core.environment:checking '/home/mandar/ros2_ws/install/my_box_bot_gazebo' for CMake module files
[5.103s] Level 1:colcon.colcon_core.environment:checking '/home/mandar/ros2_ws/install/my_box_bot_gazebo' for CMake config files
[5.104s] Level 1:colcon.colcon_core.shell:create_environment_hook('my_box_bot_gazebo', 'cmake_prefix_path')
[5.109s] INFO:colcon.colcon_core.shell:Creating environment hook '/home/mandar/ros2_ws/install/my_box_bot_gazebo/share/my_box_bot_gazebo/hook/cmake_prefix_path.ps1'
[5.110s] INFO:colcon.colcon_core.shell:Creating environment descriptor '/home/mandar/ros2_ws/install/my_box_bot_gazebo/share/my_box_bot_gazebo/hook/cmake_prefix_path.dsv'
[5.110s] INFO:colcon.colcon_core.shell:Creating environment hook '/home/mandar/ros2_ws/install/my_box_bot_gazebo/share/my_box_bot_gazebo/hook/cmake_prefix_path.sh'
[5.111s] Level 1:colcon.colcon_core.environment:checking '/home/mandar/ros2_ws/install/my_box_bot_gazebo/bin'
[5.111s] Level 1:colcon.colcon_core.environment:checking '/home/mandar/ros2_ws/install/my_box_bot_gazebo/lib/pkgconfig/my_box_bot_gazebo.pc'
[5.111s] Level 1:colcon.colcon_core.environment:checking '/home/mandar/ros2_ws/install/my_box_bot_gazebo/lib/python3.10/site-packages'
[5.111s] Level 1:colcon.colcon_core.environment:checking '/home/mandar/ros2_ws/install/my_box_bot_gazebo/bin'
[5.116s] INFO:colcon.colcon_core.shell:Creating package script '/home/mandar/ros2_ws/install/my_box_bot_gazebo/share/my_box_bot_gazebo/package.ps1'
[5.117s] INFO:colcon.colcon_core.shell:Creating package descriptor '/home/mandar/ros2_ws/install/my_box_bot_gazebo/share/my_box_bot_gazebo/package.dsv'
[5.117s] INFO:colcon.colcon_core.shell:Creating package script '/home/mandar/ros2_ws/install/my_box_bot_gazebo/share/my_box_bot_gazebo/package.sh'
[5.118s] INFO:colcon.colcon_core.shell:Creating package script '/home/mandar/ros2_ws/install/my_box_bot_gazebo/share/my_box_bot_gazebo/package.bash'
[5.118s] INFO:colcon.colcon_core.shell:Creating package script '/home/mandar/ros2_ws/install/my_box_bot_gazebo/share/my_box_bot_gazebo/package.zsh'
[5.119s] Level 1:colcon.colcon_core.environment:create_file_with_runtime_dependencies(/home/mandar/ros2_ws/install/my_box_bot_gazebo/share/colcon-core/packages/my_box_bot_gazebo)
[5.150s] Level 1:colcon.colcon_core.environment:create_environment_scripts_only(my_box_bot_gazebo)
[5.156s] Level 1:colcon.colcon_core.environment:checking '/home/mandar/ros2_ws/install/my_box_bot_gazebo' for CMake module files
[5.156s] Level 1:colcon.colcon_core.environment:checking '/home/mandar/ros2_ws/install/my_box_bot_gazebo' for CMake config files
[5.157s] Level 1:colcon.colcon_core.shell:create_environment_hook('my_box_bot_gazebo', 'cmake_prefix_path')
[5.162s] INFO:colcon.colcon_core.shell:Creating environment hook '/home/mandar/ros2_ws/install/my_box_bot_gazebo/share/my_box_bot_gazebo/hook/cmake_prefix_path.ps1'
[5.162s] INFO:colcon.colcon_core.shell:Creating environment descriptor '/home/mandar/ros2_ws/install/my_box_bot_gazebo/share/my_box_bot_gazebo/hook/cmake_prefix_path.dsv'
[5.163s] INFO:colcon.colcon_core.shell:Creating environment hook '/home/mandar/ros2_ws/install/my_box_bot_gazebo/share/my_box_bot_gazebo/hook/cmake_prefix_path.sh'
[5.163s] Level 1:colcon.colcon_core.environment:checking '/home/mandar/ros2_ws/install/my_box_bot_gazebo/bin'
[5.164s] Level 1:colcon.colcon_core.environment:checking '/home/mandar/ros2_ws/install/my_box_bot_gazebo/lib/pkgconfig/my_box_bot_gazebo.pc'
[5.164s] Level 1:colcon.colcon_core.environment:checking '/home/mandar/ros2_ws/install/my_box_bot_gazebo/lib/python3.10/site-packages'
[5.164s] Level 1:colcon.colcon_core.environment:checking '/home/mandar/ros2_ws/install/my_box_bot_gazebo/bin'
[5.169s] INFO:colcon.colcon_core.shell:Creating package script '/home/mandar/ros2_ws/install/my_box_bot_gazebo/share/my_box_bot_gazebo/package.ps1'
[5.170s] INFO:colcon.colcon_core.shell:Creating package descriptor '/home/mandar/ros2_ws/install/my_box_bot_gazebo/share/my_box_bot_gazebo/package.dsv'
[5.170s] INFO:colcon.colcon_core.shell:Creating package script '/home/mandar/ros2_ws/install/my_box_bot_gazebo/share/my_box_bot_gazebo/package.sh'
[5.171s] INFO:colcon.colcon_core.shell:Creating package script '/home/mandar/ros2_ws/install/my_box_bot_gazebo/share/my_box_bot_gazebo/package.bash'
[5.171s] INFO:colcon.colcon_core.shell:Creating package script '/home/mandar/ros2_ws/install/my_box_bot_gazebo/share/my_box_bot_gazebo/package.zsh'
[5.172s] Level 1:colcon.colcon_core.environment:create_file_with_runtime_dependencies(/home/mandar/ros2_ws/install/my_box_bot_gazebo/share/colcon-core/packages/my_box_bot_gazebo)
[5.172s] DEBUG:colcon.colcon_parallel_executor.executor.parallel:closing loop
[5.173s] DEBUG:colcon.colcon_parallel_executor.executor.parallel:loop closed
[5.173s] DEBUG:colcon.colcon_parallel_executor.executor.parallel:run_until_complete finished with '0'
[5.173s] DEBUG:colcon.colcon_core.event_reactor:joining thread
[5.182s] INFO:colcon.colcon_core.plugin_system:Skipping extension 'colcon_notification.desktop_notification.terminal_notifier': Not used on non-Darwin systems
[5.183s] INFO:colcon.colcon_core.plugin_system:Skipping extension 'colcon_notification.desktop_notification.win32': Not used on non-Windows systems
[5.183s] INFO:colcon.colcon_notification.desktop_notification:Sending desktop notification using 'notify2'
[5.196s] DEBUG:colcon.colcon_core.event_reactor:joined thread
[5.202s] INFO:colcon.colcon_core.shell:Creating prefix script '/home/mandar/ros2_ws/install/local_setup.ps1'
[5.203s] INFO:colcon.colcon_core.shell:Creating prefix util module '/home/mandar/ros2_ws/install/_local_setup_util_ps1.py'
[5.205s] INFO:colcon.colcon_core.shell:Creating prefix chain script '/home/mandar/ros2_ws/install/setup.ps1'
[5.211s] INFO:colcon.colcon_core.shell:Creating prefix script '/home/mandar/ros2_ws/install/local_setup.sh'
[5.211s] INFO:colcon.colcon_core.shell:Creating prefix util module '/home/mandar/ros2_ws/install/_local_setup_util_sh.py'
[5.212s] INFO:colcon.colcon_core.shell:Creating prefix chain script '/home/mandar/ros2_ws/install/setup.sh'
[5.217s] INFO:colcon.colcon_core.shell:Creating prefix script '/home/mandar/ros2_ws/install/local_setup.bash'
[5.218s] INFO:colcon.colcon_core.shell:Creating prefix chain script '/home/mandar/ros2_ws/install/setup.bash'
[5.224s] INFO:colcon.colcon_core.shell:Creating prefix script '/home/mandar/ros2_ws/install/local_setup.zsh'
[5.224s] INFO:colcon.colcon_core.shell:Creating prefix chain script '/home/mandar/ros2_ws/install/setup.zsh'
