[0.028s] Invoking command in '/home/mandar/ros2_ws/build/my_box_bot_description': CMAKE_PREFIX_PATH=${CMAKE_PREFIX_PATH}:/opt/ros/humble /usr/bin/cmake --build /home/mandar/ros2_ws/build/my_box_bot_description -- -j12 -l12
[0.053s] -- Found ament_cmake: 1.3.2 (/opt/ros/humble/share/ament_cmake/cmake)
[0.244s] -- Found urdf: 2.6.0 (/opt/ros/humble/share/urdf/cmake)
[0.288s] -- Found xacro: 2.0.7 (/opt/ros/humble/share/xacro/cmake)
[0.288s] -- Found ros2_control: 2.16.0 (/opt/ros/humble/share/ros2_control/cmake)
[0.289s] -- Found gazebo_ros2_control: 0.4.0 (/opt/ros/humble/share/gazebo_ros2_control/cmake)
[0.327s] -- Found rosidl_generator_c: 3.1.3 (/opt/ros/humble/share/rosidl_generator_c/cmake)
[0.332s] -- Found rosidl_adapter: 3.1.3 (/opt/ros/humble/share/rosidl_adapter/cmake)
[0.339s] -- Found rosidl_generator_cpp: 3.1.3 (/opt/ros/humble/share/rosidl_generator_cpp/cmake)
[0.352s] -- Using all available rosidl_typesupport_c: rosidl_typesupport_fastrtps_c;rosidl_typesupport_introspection_c
[0.367s] -- Using all available rosidl_typesupport_cpp: rosidl_typesupport_fastrtps_cpp;rosidl_typesupport_introspection_cpp
[0.435s] -- Found rmw_implementation_cmake: 6.1.0 (/opt/ros/humble/share/rmw_implementation_cmake/cmake)
[0.437s] -- Found rmw_fastrtps_cpp: 6.2.1 (/opt/ros/humble/share/rmw_fastrtps_cpp/cmake)
[0.551s] -- Found OpenSSL: /usr/lib/x86_64-linux-gnu/libcrypto.so (found version "3.0.2")  
[0.581s] -- Found FastRTPS: /opt/ros/humble/include  
[0.645s] -- Using RMW implementation 'rmw_fastrtps_cpp' as default
[0.911s] [31mCMake Error at CMakeLists.txt:52 (find_package):
[0.911s]   By not providing "Findjoint_state_broadcaster.cmake" in CMAKE_MODULE_PATH
[0.911s]   this project has asked CMake to find a package configuration file provided
[0.911s]   by "joint_state_broadcaster", but CMake did not find one.
[0.911s] 
[0.912s]   Could not find a package configuration file provided by
[0.912s]   "joint_state_broadcaster" with any of the following names:
[0.912s] 
[0.912s]     joint_state_broadcasterConfig.cmake
[0.912s]     joint_state_broadcaster-config.cmake
[0.912s] 
[0.913s]   Add the installation prefix of "joint_state_broadcaster" to
[0.913s]   CMAKE_PREFIX_PATH or set "joint_state_broadcaster_DIR" to a directory
[0.913s]   containing one of the above files.  If "joint_state_broadcaster" provides a
[0.913s]   separate development package or SDK, be sure it has been installed.
[0.913s] 
[0.913s] [0m
[0.913s] -- Configuring incomplete, errors occurred!
[0.914s] See also "/home/mandar/ros2_ws/build/my_box_bot_description/CMakeFiles/CMakeOutput.log".
[0.920s] gmake: *** [Makefile:226: cmake_check_build_system] Error 1
[0.923s] Invoked command in '/home/mandar/ros2_ws/build/my_box_bot_description' returned '2': CMAKE_PREFIX_PATH=${CMAKE_PREFIX_PATH}:/opt/ros/humble /usr/bin/cmake --build /home/mandar/ros2_ws/build/my_box_bot_description -- -j12 -l12
