-- Found ament_cmake: 1.3.2 (/opt/ros/humble/share/ament_cmake/cmake)
-- Found urdf: 2.6.0 (/opt/ros/humble/share/urdf/cmake)
-- Found xacro: 2.0.7 (/opt/ros/humble/share/xacro/cmake)
-- Found ros2_control: 2.16.0 (/opt/ros/humble/share/ros2_control/cmake)
-- Found gazebo_ros2_control: 0.4.0 (/opt/ros/humble/share/gazebo_ros2_control/cmake)
-- Found rosidl_generator_c: 3.1.3 (/opt/ros/humble/share/rosidl_generator_c/cmake)
-- Found rosidl_adapter: 3.1.3 (/opt/ros/humble/share/rosidl_adapter/cmake)
-- Found rosidl_generator_cpp: 3.1.3 (/opt/ros/humble/share/rosidl_generator_cpp/cmake)
-- Using all available rosidl_typesupport_c: rosidl_typesupport_fastrtps_c;rosidl_typesupport_introspection_c
-- Using all available rosidl_typesupport_cpp: rosidl_typesupport_fastrtps_cpp;rosidl_typesupport_introspection_cpp
-- Found rmw_implementation_cmake: 6.1.0 (/opt/ros/humble/share/rmw_implementation_cmake/cmake)
-- Found rmw_fastrtps_cpp: 6.2.1 (/opt/ros/humble/share/rmw_fastrtps_cpp/cmake)
-- Using RMW implementation 'rmw_fastrtps_cpp' as default
-- Found joint_state_broadcaster: 2.12.0 (/opt/ros/humble/share/joint_state_broadcaster/cmake)
-- Found joint_trajectory_controller: 2.12.0 (/opt/ros/humble/share/joint_trajectory_controller/cmake)
[31mCMake Error at CMakeLists.txt:54 (find_package):
  By not providing "Findvelocity_controllers.cmake" in CMAKE_MODULE_PATH this
  project has asked CMake to find a package configuration file provided by
  "velocity_controllers", but CMake did not find one.

  Could not find a package configuration file provided by
  "velocity_controllers" with any of the following names:

    velocity_controllersConfig.cmake
    velocity_controllers-config.cmake

  Add the installation prefix of "velocity_controllers" to CMAKE_PREFIX_PATH
  or set "velocity_controllers_DIR" to a directory containing one of the
  above files.  If "velocity_controllers" provides a separate development
  package or SDK, be sure it has been installed.

[0m
-- Configuring incomplete, errors occurred!
See also "/home/mandar/ros2_ws/build/my_box_bot_description/CMakeFiles/CMakeOutput.log".
gmake: *** [Makefile:226: cmake_check_build_system] Error 1
