[0.029s] Invoking command in '/home/mandar/ros2_ws/build/my_box_bot_description': CMAKE_PREFIX_PATH=${CMAKE_PREFIX_PATH}:/opt/ros/humble /usr/bin/cmake --build /home/mandar/ros2_ws/build/my_box_bot_description -- -j12 -l12
[0.054s] -- Found ament_cmake: 1.3.2 (/opt/ros/humble/share/ament_cmake/cmake)
[0.243s] -- Found urdf: 2.6.0 (/opt/ros/humble/share/urdf/cmake)
[0.286s] -- Found xacro: 2.0.7 (/opt/ros/humble/share/xacro/cmake)
[0.286s] -- Found ros2_control: 2.16.0 (/opt/ros/humble/share/ros2_control/cmake)
[0.287s] -- Found gazebo_ros2_control: 0.4.0 (/opt/ros/humble/share/gazebo_ros2_control/cmake)
[0.306s] -- Found rosidl_generator_c: 3.1.3 (/opt/ros/humble/share/rosidl_generator_c/cmake)
[0.309s] -- Found rosidl_adapter: 3.1.3 (/opt/ros/humble/share/rosidl_adapter/cmake)
[0.314s] -- Found rosidl_generator_cpp: 3.1.3 (/opt/ros/humble/share/rosidl_generator_cpp/cmake)
[0.324s] -- Using all available rosidl_typesupport_c: rosidl_typesupport_fastrtps_c;rosidl_typesupport_introspection_c
[0.336s] -- Using all available rosidl_typesupport_cpp: rosidl_typesupport_fastrtps_cpp;rosidl_typesupport_introspection_cpp
[0.388s] -- Found rmw_implementation_cmake: 6.1.0 (/opt/ros/humble/share/rmw_implementation_cmake/cmake)
[0.389s] -- Found rmw_fastrtps_cpp: 6.2.1 (/opt/ros/humble/share/rmw_fastrtps_cpp/cmake)
[0.515s] -- Using RMW implementation 'rmw_fastrtps_cpp' as default
[0.679s] -- Found joint_state_broadcaster: 2.12.0 (/opt/ros/humble/share/joint_state_broadcaster/cmake)
[1.374s] -- Found joint_trajectory_controller: 2.12.0 (/opt/ros/humble/share/joint_trajectory_controller/cmake)
[1.681s] [31mCMake Error at CMakeLists.txt:54 (find_package):
[1.681s]   By not providing "Findvelocity_controllers.cmake" in CMAKE_MODULE_PATH this
[1.681s]   project has asked CMake to find a package configuration file provided by
[1.681s]   "velocity_controllers", but CMake did not find one.
[1.681s] 
[1.681s]   Could not find a package configuration file provided by
[1.681s]   "velocity_controllers" with any of the following names:
[1.681s] 
[1.681s]     velocity_controllersConfig.cmake
[1.681s]     velocity_controllers-config.cmake
[1.682s] 
[1.682s]   Add the installation prefix of "velocity_controllers" to CMAKE_PREFIX_PATH
[1.682s]   or set "velocity_controllers_DIR" to a directory containing one of the
[1.682s]   above files.  If "velocity_controllers" provides a separate development
[1.682s]   package or SDK, be sure it has been installed.
[1.682s] 
[1.682s] [0m
[1.682s] -- Configuring incomplete, errors occurred!
[1.682s] See also "/home/mandar/ros2_ws/build/my_box_bot_description/CMakeFiles/CMakeOutput.log".
[1.689s] gmake: *** [Makefile:226: cmake_check_build_system] Error 1
[1.691s] Invoked command in '/home/mandar/ros2_ws/build/my_box_bot_description' returned '2': CMAKE_PREFIX_PATH=${CMAKE_PREFIX_PATH}:/opt/ros/humble /usr/bin/cmake --build /home/mandar/ros2_ws/build/my_box_bot_description -- -j12 -l12
