[0.018s] Invoking command in '/home/mandar/ros2_ws/build/my_box_bot_gazebo': CMAKE_PREFIX_PATH=/home/mandar/ros2_ws/install/my_box_bot_description:/home/mandar/ros2_ws/install/my_box_bot_gazebo:/opt/ros/humble /usr/bin/cmake /home/mandar/ros2_ws/src/my_box_bot_gazebo -DCMAKE_INSTALL_PREFIX=/home/mandar/ros2_ws/install/my_box_bot_gazebo
[0.088s] -- The C compiler identification is GNU 11.3.0
[0.167s] -- The CXX compiler identification is GNU 11.3.0
[0.178s] -- Detecting C compiler ABI info
[0.267s] -- Detecting C compiler ABI info - done
[0.278s] -- Check for working C compiler: /usr/bin/cc - skipped
[0.278s] -- Detecting C compile features
[0.279s] -- Detecting C compile features - done
[0.283s] -- Detecting CXX compiler ABI info
[0.390s] -- Detecting CXX compiler ABI info - done
[0.398s] -- Check for working CXX compiler: /usr/bin/c++ - skipped
[0.398s] -- Detecting CXX compile features
[0.398s] -- Detecting CXX compile features - done
[0.401s] -- Found ament_cmake: 1.3.2 (/opt/ros/humble/share/ament_cmake/cmake)
[0.648s] -- Found Python3: /usr/bin/python3.10 (found version "3.10.6") found components: Interpreter 
[0.768s] -- Found rclpy: 3.3.4 (/opt/ros/humble/share/rclpy/cmake)
[0.770s] -- Found gazebo_ros: 3.7.0 (/opt/ros/humble/share/gazebo_ros/cmake)
[0.845s] -- Found rosidl_generator_c: 3.1.3 (/opt/ros/humble/share/rosidl_generator_c/cmake)
[0.852s] -- Found rosidl_adapter: 3.1.3 (/opt/ros/humble/share/rosidl_adapter/cmake)
[0.864s] -- Found rosidl_generator_cpp: 3.1.3 (/opt/ros/humble/share/rosidl_generator_cpp/cmake)
[0.884s] -- Using all available rosidl_typesupport_c: rosidl_typesupport_fastrtps_c;rosidl_typesupport_introspection_c
[0.911s] -- Using all available rosidl_typesupport_cpp: rosidl_typesupport_fastrtps_cpp;rosidl_typesupport_introspection_cpp
[1.013s] -- Found rmw_implementation_cmake: 6.1.0 (/opt/ros/humble/share/rmw_implementation_cmake/cmake)
[1.017s] -- Found rmw_fastrtps_cpp: 6.2.1 (/opt/ros/humble/share/rmw_fastrtps_cpp/cmake)
[1.156s] -- Found OpenSSL: /usr/lib/x86_64-linux-gnu/libcrypto.so (found version "3.0.2")  
[1.195s] -- Found FastRTPS: /opt/ros/humble/include  
[1.265s] -- Using RMW implementation 'rmw_fastrtps_cpp' as default
[1.520s] -- Found PkgConfig: /usr/bin/pkg-config (found version "0.29.2") 
[1.521s] -- Checking for module 'bullet>=2.82'
[1.536s] --   Found bullet, version 3.05
[1.663s] -- Found fcl: /usr/include (found suitable version "0.7.0", minimum required is "0.5.0") 
[1.717s] -- Found assimp: /usr/include (found version "5.2.0") 
[1.748s] -- Found DART: /usr/include (Required is at least version "6.6") found components: dart 
[1.968s] -- Found Boost: /usr/lib/x86_64-linux-gnu/cmake/Boost-1.74.0/BoostConfig.cmake (found suitable version "1.74.0", minimum required is "1.40.0") found components: thread system filesystem program_options regex iostreams date_time 
[1.986s] -- Found Protobuf: /usr/lib/x86_64-linux-gnu/libprotobuf.so (found version "3.12.4") 
[1.993s] -- Looking for ignition-math6 -- found version 6.12.0
[2.001s] -- Searching for dependencies of ignition-math6
[2.003s] -- Looking for OGRE...
[2.004s] -- OGRE_PREFIX_WATCH changed.
[2.010s] -- Checking for module 'OGRE'
[2.023s] --   Found OGRE, version 1.9.0
[2.058s] -- Found Ogre Ghadamon (1.9.0)
[2.067s] -- Found OGRE: optimized;/usr/lib/x86_64-linux-gnu/libOgreMain.so;debug;/usr/lib/x86_64-linux-gnu/libOgreMain.so
[2.080s] -- Looking for OGRE_Paging...
[2.087s] -- Found OGRE_Paging: optimized;/usr/lib/x86_64-linux-gnu/libOgrePaging.so;debug;/usr/lib/x86_64-linux-gnu/libOgrePaging.so
[2.087s] -- Looking for OGRE_Terrain...
[2.094s] -- Found OGRE_Terrain: optimized;/usr/lib/x86_64-linux-gnu/libOgreTerrain.so;debug;/usr/lib/x86_64-linux-gnu/libOgreTerrain.so
[2.094s] -- Looking for OGRE_Property...
[2.101s] -- Found OGRE_Property: optimized;/usr/lib/x86_64-linux-gnu/libOgreProperty.so;debug;/usr/lib/x86_64-linux-gnu/libOgreProperty.so
[2.101s] -- Looking for OGRE_RTShaderSystem...
[2.108s] -- Found OGRE_RTShaderSystem: optimized;/usr/lib/x86_64-linux-gnu/libOgreRTShaderSystem.so;debug;/usr/lib/x86_64-linux-gnu/libOgreRTShaderSystem.so
[2.108s] -- Looking for OGRE_Volume...
[2.115s] -- Found OGRE_Volume: optimized;/usr/lib/x86_64-linux-gnu/libOgreVolume.so;debug;/usr/lib/x86_64-linux-gnu/libOgreVolume.so
[2.115s] -- Looking for OGRE_Overlay...
[2.122s] -- Found OGRE_Overlay: optimized;/usr/lib/x86_64-linux-gnu/libOgreOverlay.so;debug;/usr/lib/x86_64-linux-gnu/libOgreOverlay.so
[2.271s] -- Looking for ignition-math6 -- found version 6.12.0
[2.274s] -- Looking for ignition-transport8 -- found version 8.2.1
[2.275s] -- Searching for dependencies of ignition-transport8
[2.300s] -- Found Protobuf: /usr/lib/x86_64-linux-gnu/libprotobuf.so (found suitable version "3.12.4", minimum required is "3") 
[2.316s] -- Config-file not installed for ZeroMQ -- checking for pkg-config
[2.322s] -- Checking for module 'libzmq >= 4'
[2.337s] --   Found libzmq , version 4.3.4
[2.377s] -- Found ZeroMQ: TRUE (Required is at least version "4") 
[2.384s] -- Checking for module 'uuid'
[2.397s] --   Found uuid, version 2.37.2
[2.433s] -- Found UUID: TRUE  
[2.436s] -- Looking for ignition-msgs5 -- found version 5.8.1
[2.437s] -- Searching for dependencies of ignition-msgs5
[2.464s] -- Looking for ignition-math6 -- found version 6.12.0
[2.470s] -- Checking for module 'tinyxml2'
[2.484s] --   Found tinyxml2, version 9.0.0
[2.520s] -- Looking for ignition-msgs5 -- found version 5.8.1
[2.523s] -- Looking for ignition-common3 -- found version 3.14.0
[2.524s] -- Searching for dependencies of ignition-common3
[2.524s] -- Looking for dlfcn.h - found
[2.525s] -- Looking for libdl - found
[2.527s] -- Found DL: TRUE  
[2.541s] -- Found tinyobjloader: /usr/lib/x86_64-linux-gnu/cmake/tinyobjloader/tinyobjloader-config.cmake (found version "2.0.0") 
[2.542s] -- Searching for <ignition-common3> component [graphics]
[2.545s] -- Looking for ignition-common3-graphics -- found version 3.14.0
[2.546s] -- Searching for dependencies of ignition-common3-graphics
[2.546s] -- Looking for ignition-math6 -- found version 6.12.0
[2.550s] -- Looking for ignition-fuel_tools4 -- found version 4.4.0
[2.551s] -- Searching for dependencies of ignition-fuel_tools4
[2.641s] -- Found CURL: /usr/lib/x86_64-linux-gnu/libcurl.so (found version "7.81.0")  
[2.652s] -- Checking for module 'jsoncpp'
[2.666s] --   Found jsoncpp, version 1.9.5
[2.702s] -- Found JSONCPP: TRUE  
[2.709s] -- Checking for module 'libzip'
[2.723s] --   Found libzip, version 1.7.3
[2.759s] -- Found ZIP: TRUE  
[2.760s] -- Looking for ignition-common3 -- found version 3.14.0
[2.760s] -- Looking for ignition-math6 -- found version 6.12.0
[2.761s] -- Looking for ignition-msgs5 -- found version 5.8.1
[2.765s] -- Gazebo version: 11.10
[2.766s] -- Checking for module 'tbb'
[2.781s] --   Found tbb, version 2021.5.0
[2.828s] -- Found my_box_bot_description: 0.0.0 (/home/mandar/ros2_ws/install/my_box_bot_description/share/my_box_bot_description/cmake)
[2.830s] -- Found ament_lint_auto: 0.12.4 (/opt/ros/humble/share/ament_lint_auto/cmake)
[2.936s] -- Added test 'flake8' to check Python code syntax and style conventions
[2.937s] -- Added test 'lint_cmake' to check CMake code style
[2.938s] -- Added test 'pep257' to check Python code against some of the docstring style conventions in PEP 257
[2.940s] -- Added test 'xmllint' to check XML markup files
[2.941s] -- Configuring done
[2.949s] -- Generating done
[2.952s] -- Build files have been written to: /home/mandar/ros2_ws/build/my_box_bot_gazebo
[2.967s] Invoked command in '/home/mandar/ros2_ws/build/my_box_bot_gazebo' returned '0': CMAKE_PREFIX_PATH=/home/mandar/ros2_ws/install/my_box_bot_description:/home/mandar/ros2_ws/install/my_box_bot_gazebo:/opt/ros/humble /usr/bin/cmake /home/mandar/ros2_ws/src/my_box_bot_gazebo -DCMAKE_INSTALL_PREFIX=/home/mandar/ros2_ws/install/my_box_bot_gazebo
[2.969s] Invoking command in '/home/mandar/ros2_ws/build/my_box_bot_gazebo': CMAKE_PREFIX_PATH=/home/mandar/ros2_ws/install/my_box_bot_description:/home/mandar/ros2_ws/install/my_box_bot_gazebo:/opt/ros/humble /usr/bin/cmake --build /home/mandar/ros2_ws/build/my_box_bot_gazebo -- -j12 -l12
[3.016s] Invoked command in '/home/mandar/ros2_ws/build/my_box_bot_gazebo' returned '0': CMAKE_PREFIX_PATH=/home/mandar/ros2_ws/install/my_box_bot_description:/home/mandar/ros2_ws/install/my_box_bot_gazebo:/opt/ros/humble /usr/bin/cmake --build /home/mandar/ros2_ws/build/my_box_bot_gazebo -- -j12 -l12
[3.044s] Invoking command in '/home/mandar/ros2_ws/build/my_box_bot_gazebo': CMAKE_PREFIX_PATH=/home/mandar/ros2_ws/install/my_box_bot_description:/home/mandar/ros2_ws/install/my_box_bot_gazebo:/opt/ros/humble /usr/bin/cmake --install /home/mandar/ros2_ws/build/my_box_bot_gazebo
[3.052s] -- Install configuration: ""
[3.053s] -- Up-to-date: /home/mandar/ros2_ws/install/my_box_bot_gazebo/share/my_box_bot_gazebo//launch
[3.053s] -- Up-to-date: /home/mandar/ros2_ws/install/my_box_bot_gazebo/share/my_box_bot_gazebo//worlds
[3.053s] -- Up-to-date: /home/mandar/ros2_ws/install/my_box_bot_gazebo/share/my_box_bot_gazebo//models
[3.053s] -- Up-to-date: /home/mandar/ros2_ws/install/my_box_bot_gazebo/share/my_box_bot_gazebo//models/box_room
[3.053s] -- Up-to-date: /home/mandar/ros2_ws/install/my_box_bot_gazebo/share/my_box_bot_gazebo//models/box_room/meshes
[3.053s] -- Installing: /home/mandar/ros2_ws/install/my_box_bot_gazebo/share/my_box_bot_gazebo/package.dsv
[3.060s] Invoked command in '/home/mandar/ros2_ws/build/my_box_bot_gazebo' returned '0': CMAKE_PREFIX_PATH=/home/mandar/ros2_ws/install/my_box_bot_description:/home/mandar/ros2_ws/install/my_box_bot_gazebo:/opt/ros/humble /usr/bin/cmake --install /home/mandar/ros2_ws/build/my_box_bot_gazebo
