[0.019s] Invoking command in '/home/mandar/ros2_ws/build/my_box_bot_gazebo': CMAKE_PREFIX_PATH=/home/mandar/ros2_ws/install/my_box_bot_description:/home/mandar/ros2_ws/install/my_box_bot_gazebo:/opt/ros/humble /usr/bin/cmake --build /home/mandar/ros2_ws/build/my_box_bot_gazebo -- -j12 -l12
[0.049s] -- Found ament_cmake: 1.3.2 (/opt/ros/humble/share/ament_cmake/cmake)
[0.187s] -- Found rclpy: 3.3.4 (/opt/ros/humble/share/rclpy/cmake)
[0.188s] -- Found gazebo_ros: 3.7.0 (/opt/ros/humble/share/gazebo_ros/cmake)
[0.236s] -- Found rosidl_generator_c: 3.1.3 (/opt/ros/humble/share/rosidl_generator_c/cmake)
[0.240s] -- Found rosidl_adapter: 3.1.3 (/opt/ros/humble/share/rosidl_adapter/cmake)
[0.248s] -- Found rosidl_generator_cpp: 3.1.3 (/opt/ros/humble/share/rosidl_generator_cpp/cmake)
[0.275s] -- Using all available rosidl_typesupport_c: rosidl_typesupport_fastrtps_c;rosidl_typesupport_introspection_c
[0.310s] -- Using all available rosidl_typesupport_cpp: rosidl_typesupport_fastrtps_cpp;rosidl_typesupport_introspection_cpp
[0.397s] -- Found rmw_implementation_cmake: 6.1.0 (/opt/ros/humble/share/rmw_implementation_cmake/cmake)
[0.399s] -- Found rmw_fastrtps_cpp: 6.2.1 (/opt/ros/humble/share/rmw_fastrtps_cpp/cmake)
[0.569s] -- Using RMW implementation 'rmw_fastrtps_cpp' as default
[0.827s] -- Found DART: /usr/include (Required is at least version "6.6") found components: dart 
[0.862s] -- Found Protobuf: /usr/lib/x86_64-linux-gnu/libprotobuf.so (found version "3.12.4") 
[0.864s] -- Looking for ignition-math6 -- found version 6.12.0
[0.870s] -- Searching for dependencies of ignition-math6
[0.872s] -- Looking for OGRE...
[0.879s] -- Found Ogre Ghadamon (1.9.0)
[0.879s] -- Found OGRE: optimized;/usr/lib/x86_64-linux-gnu/libOgreMain.so;debug;/usr/lib/x86_64-linux-gnu/libOgreMain.so
[0.892s] -- Looking for OGRE_Paging...
[0.892s] -- Found OGRE_Paging: optimized;/usr/lib/x86_64-linux-gnu/libOgrePaging.so;debug;/usr/lib/x86_64-linux-gnu/libOgrePaging.so
[0.892s] -- Looking for OGRE_Terrain...
[0.893s] -- Found OGRE_Terrain: optimized;/usr/lib/x86_64-linux-gnu/libOgreTerrain.so;debug;/usr/lib/x86_64-linux-gnu/libOgreTerrain.so
[0.893s] -- Looking for OGRE_Property...
[0.893s] -- Found OGRE_Property: optimized;/usr/lib/x86_64-linux-gnu/libOgreProperty.so;debug;/usr/lib/x86_64-linux-gnu/libOgreProperty.so
[0.893s] -- Looking for OGRE_RTShaderSystem...
[0.893s] -- Found OGRE_RTShaderSystem: optimized;/usr/lib/x86_64-linux-gnu/libOgreRTShaderSystem.so;debug;/usr/lib/x86_64-linux-gnu/libOgreRTShaderSystem.so
[0.893s] -- Looking for OGRE_Volume...
[0.893s] -- Found OGRE_Volume: optimized;/usr/lib/x86_64-linux-gnu/libOgreVolume.so;debug;/usr/lib/x86_64-linux-gnu/libOgreVolume.so
[0.894s] -- Looking for OGRE_Overlay...
[0.894s] -- Found OGRE_Overlay: optimized;/usr/lib/x86_64-linux-gnu/libOgreOverlay.so;debug;/usr/lib/x86_64-linux-gnu/libOgreOverlay.so
[1.041s] -- Looking for ignition-math6 -- found version 6.12.0
[1.041s] -- Looking for ignition-transport8 -- found version 8.2.1
[1.042s] -- Searching for dependencies of ignition-transport8
[1.067s] -- Found Protobuf: /usr/lib/x86_64-linux-gnu/libprotobuf.so (found suitable version "3.12.4", minimum required is "3") 
[1.084s] -- Config-file not installed for ZeroMQ -- checking for pkg-config
[1.090s] -- Checking for module 'libzmq >= 4'
[1.104s] --   Found libzmq , version 4.3.4
[1.149s] -- Checking for module 'uuid'
[1.162s] --   Found uuid, version 2.37.2
[1.196s] -- Looking for ignition-msgs5 -- found version 5.8.1
[1.197s] -- Searching for dependencies of ignition-msgs5
[1.224s] -- Looking for ignition-math6 -- found version 6.12.0
[1.230s] -- Checking for module 'tinyxml2'
[1.244s] --   Found tinyxml2, version 9.0.0
[1.279s] -- Looking for ignition-msgs5 -- found version 5.8.1
[1.280s] -- Looking for ignition-common3 -- found version 3.14.0
[1.280s] -- Searching for dependencies of ignition-common3
[1.280s] -- Looking for dlfcn.h - found
[1.281s] -- Looking for libdl - found
[1.294s] -- Searching for <ignition-common3> component [graphics]
[1.295s] -- Looking for ignition-common3-graphics -- found version 3.14.0
[1.295s] -- Searching for dependencies of ignition-common3-graphics
[1.296s] -- Looking for ignition-math6 -- found version 6.12.0
[1.297s] -- Looking for ignition-fuel_tools4 -- found version 4.4.0
[1.298s] -- Searching for dependencies of ignition-fuel_tools4
[1.347s] -- Checking for module 'jsoncpp'
[1.361s] --   Found jsoncpp, version 1.9.5
[1.402s] -- Checking for module 'libzip'
[1.416s] --   Found libzip, version 1.7.3
[1.452s] -- Looking for ignition-common3 -- found version 3.14.0
[1.453s] -- Looking for ignition-math6 -- found version 6.12.0
[1.453s] -- Looking for ignition-msgs5 -- found version 5.8.1
[1.455s] -- Gazebo version: 11.10
[1.468s] -- Found my_box_bot_description: 0.0.0 (/home/mandar/ros2_ws/install/my_box_bot_description/share/my_box_bot_description/cmake)
[1.468s] -- Found ament_lint_auto: 0.12.4 (/opt/ros/humble/share/ament_lint_auto/cmake)
[1.542s] -- Added test 'flake8' to check Python code syntax and style conventions
[1.542s] -- Added test 'lint_cmake' to check CMake code style
[1.543s] -- Added test 'pep257' to check Python code against some of the docstring style conventions in PEP 257
[1.544s] -- Added test 'xmllint' to check XML markup files
[1.545s] -- Configuring done
[1.550s] -- Generating done
[1.552s] -- Build files have been written to: /home/mandar/ros2_ws/build/my_box_bot_gazebo
[1.575s] Invoked command in '/home/mandar/ros2_ws/build/my_box_bot_gazebo' returned '0': CMAKE_PREFIX_PATH=/home/mandar/ros2_ws/install/my_box_bot_description:/home/mandar/ros2_ws/install/my_box_bot_gazebo:/opt/ros/humble /usr/bin/cmake --build /home/mandar/ros2_ws/build/my_box_bot_gazebo -- -j12 -l12
[1.593s] Invoking command in '/home/mandar/ros2_ws/build/my_box_bot_gazebo': CMAKE_PREFIX_PATH=/home/mandar/ros2_ws/install/my_box_bot_description:/home/mandar/ros2_ws/install/my_box_bot_gazebo:/opt/ros/humble /usr/bin/cmake --install /home/mandar/ros2_ws/build/my_box_bot_gazebo
[1.598s] -- Install configuration: ""
[1.598s] -- Up-to-date: /home/mandar/ros2_ws/install/my_box_bot_gazebo/share/my_box_bot_gazebo//launch
[1.598s] -- Up-to-date: /home/mandar/ros2_ws/install/my_box_bot_gazebo/share/my_box_bot_gazebo//worlds
[1.598s] -- Up-to-date: /home/mandar/ros2_ws/install/my_box_bot_gazebo/share/my_box_bot_gazebo//models
[1.598s] -- Up-to-date: /home/mandar/ros2_ws/install/my_box_bot_gazebo/share/my_box_bot_gazebo//models/box_room
[1.598s] -- Up-to-date: /home/mandar/ros2_ws/install/my_box_bot_gazebo/share/my_box_bot_gazebo//models/box_room/meshes
[1.598s] -- Installing: /home/mandar/ros2_ws/install/my_box_bot_gazebo/lib/my_box_bot_gazebo/move_laser.py
[1.598s] -- Installing: /home/mandar/ros2_ws/install/my_box_bot_gazebo/share/my_box_bot_gazebo/package.dsv
[1.600s] Invoked command in '/home/mandar/ros2_ws/build/my_box_bot_gazebo' returned '0': CMAKE_PREFIX_PATH=/home/mandar/ros2_ws/install/my_box_bot_description:/home/mandar/ros2_ws/install/my_box_bot_gazebo:/opt/ros/humble /usr/bin/cmake --install /home/mandar/ros2_ws/build/my_box_bot_gazebo
