[0.033s] Invoking command in '/home/mandar/ros2_ws/build/my_box_bot_description': CMAKE_PREFIX_PATH=${CMAKE_PREFIX_PATH}:/opt/ros/humble /usr/bin/cmake --build /home/mandar/ros2_ws/build/my_box_bot_description -- -j12 -l12
[0.058s] -- Found ament_cmake: 1.3.2 (/opt/ros/humble/share/ament_cmake/cmake)
[0.240s] -- Found urdf: 2.6.0 (/opt/ros/humble/share/urdf/cmake)
[0.289s] -- Found xacro: 2.0.7 (/opt/ros/humble/share/xacro/cmake)
[0.306s] [31mCMake Error at CMakeLists.txt:50 (find_package):
[0.307s]   By not providing "Findros2_control.cmake" in CMAKE_MODULE_PATH this project
[0.307s]   has asked CMake to find a package configuration file provided by
[0.307s]   "ros2_control", but CMake did not find one.
[0.307s] 
[0.307s]   Could not find a package configuration file provided by "ros2_control" with
[0.307s]   any of the following names:
[0.307s] 
[0.307s]     ros2_controlConfig.cmake
[0.307s]     ros2_control-config.cmake
[0.307s] 
[0.308s]   Add the installation prefix of "ros2_control" to CMAKE_PREFIX_PATH or set
[0.308s]   "ros2_control_DIR" to a directory containing one of the above files.  If
[0.308s]   "ros2_control" provides a separate development package or SDK, be sure it
[0.308s]   has been installed.
[0.308s] 
[0.308s] [0m
[0.308s] -- Configuring incomplete, errors occurred!
[0.308s] See also "/home/mandar/ros2_ws/build/my_box_bot_description/CMakeFiles/CMakeOutput.log".
[0.311s] gmake: *** [Makefile:226: cmake_check_build_system] Error 1
[0.313s] Invoked command in '/home/mandar/ros2_ws/build/my_box_bot_description' returned '2': CMAKE_PREFIX_PATH=${CMAKE_PREFIX_PATH}:/opt/ros/humble /usr/bin/cmake --build /home/mandar/ros2_ws/build/my_box_bot_description -- -j12 -l12
