[0.028s] Invoking command in '/home/mandar/ros2_ws/build/my_box_bot_description': CMAKE_PREFIX_PATH=${CMAKE_PREFIX_PATH}:/opt/ros/humble /usr/bin/cmake --build /home/mandar/ros2_ws/build/my_box_bot_description -- -j12 -l12
[0.044s] -- Found ament_cmake: 1.3.2 (/opt/ros/humble/share/ament_cmake/cmake)
[0.214s] -- Found urdf: 2.6.0 (/opt/ros/humble/share/urdf/cmake)
[0.265s] -- Found xacro: 2.0.7 (/opt/ros/humble/share/xacro/cmake)
[0.265s] -- Found ament_lint_auto: 0.12.4 (/opt/ros/humble/share/ament_lint_auto/cmake)
[0.343s] -- Added test 'flake8' to check Python code syntax and style conventions
[0.344s] -- Added test 'lint_cmake' to check CMake code style
[0.345s] -- Added test 'pep257' to check Python code against some of the docstring style conventions in PEP 257
[0.347s] -- Added test 'xmllint' to check XML markup files
[0.349s] -- Configuring done
[0.354s] -- Generating done
[0.356s] -- Build files have been written to: /home/mandar/ros2_ws/build/my_box_bot_description
[0.382s] Invoked command in '/home/mandar/ros2_ws/build/my_box_bot_description' returned '0': CMAKE_PREFIX_PATH=${CMAKE_PREFIX_PATH}:/opt/ros/humble /usr/bin/cmake --build /home/mandar/ros2_ws/build/my_box_bot_description -- -j12 -l12
[0.417s] Invoking command in '/home/mandar/ros2_ws/build/my_box_bot_description': CMAKE_PREFIX_PATH=${CMAKE_PREFIX_PATH}:/opt/ros/humble /usr/bin/cmake --install /home/mandar/ros2_ws/build/my_box_bot_description
[0.426s] -- Install configuration: ""
[0.427s] -- Up-to-date: /home/mandar/ros2_ws/install/my_box_bot_description/share/my_box_bot_description//urdf
[0.427s] -- Up-to-date: /home/mandar/ros2_ws/install/my_box_bot_description/share/my_box_bot_description//rviz
[0.427s] -- Up-to-date: /home/mandar/ros2_ws/install/my_box_bot_description/share/my_box_bot_description//launch
[0.427s] -- Up-to-date: /home/mandar/ros2_ws/install/my_box_bot_description/share/my_box_bot_description//meshes
[0.427s] -- Up-to-date: /home/mandar/ros2_ws/install/my_box_bot_description/share/my_box_bot_description//meshes/sensors
[0.428s] -- Up-to-date: /home/mandar/ros2_ws/install/my_box_bot_description/share/my_box_bot_description//meshes/textures
[0.428s] -- Up-to-date: /home/mandar/ros2_ws/install/my_box_bot_description/share/my_box_bot_description//config
[0.428s] -- Up-to-date: /home/mandar/ros2_ws/install/my_box_bot_description/share/my_box_bot_description//launch
[0.429s] [31mCMake Error at cmake_install.cmake:56 (file):
[0.430s]   file INSTALL cannot find
[0.431s]   "/home/mandar/ros2_ws/src/my_box_bot_description/worlds": No such file or
[0.431s]   directory.
[0.431s] 
[0.431s] [0m
[0.432s] Invoked command in '/home/mandar/ros2_ws/build/my_box_bot_description' returned '1': CMAKE_PREFIX_PATH=${CMAKE_PREFIX_PATH}:/opt/ros/humble /usr/bin/cmake --install /home/mandar/ros2_ws/build/my_box_bot_description
