-- Found ament_cmake: 1.3.2 (/opt/ros/humble/share/ament_cmake/cmake)
-- Found urdf: 2.6.0 (/opt/ros/humble/share/urdf/cmake)
-- Found xacro: 2.0.7 (/opt/ros/humble/share/xacro/cmake)
-- Found ament_lint_auto: 0.12.4 (/opt/ros/humble/share/ament_lint_auto/cmake)
-- Added test 'flake8' to check Python code syntax and style conventions
-- Added test 'lint_cmake' to check CMake code style
-- Added test 'pep257' to check Python code against some of the docstring style conventions in PEP 257
-- Added test 'xmllint' to check XML markup files
-- Configuring done
-- Generating done
-- Build files have been written to: /home/mandar/ros2_ws/build/my_box_bot_description
-- Install configuration: ""
-- Up-to-date: /home/mandar/ros2_ws/install/my_box_bot_description/share/my_box_bot_description//urdf
-- Up-to-date: /home/mandar/ros2_ws/install/my_box_bot_description/share/my_box_bot_description//rviz
-- Up-to-date: /home/mandar/ros2_ws/install/my_box_bot_description/share/my_box_bot_description//launch
-- Up-to-date: /home/mandar/ros2_ws/install/my_box_bot_description/share/my_box_bot_description//meshes
-- Up-to-date: /home/mandar/ros2_ws/install/my_box_bot_description/share/my_box_bot_description//meshes/sensors
-- Up-to-date: /home/mandar/ros2_ws/install/my_box_bot_description/share/my_box_bot_description//meshes/textures
-- Up-to-date: /home/mandar/ros2_ws/install/my_box_bot_description/share/my_box_bot_description//config
-- Installing: /home/mandar/ros2_ws/install/my_box_bot_description/share/my_box_bot_description/package.dsv
