[0.027s] Invoking command in '/home/mandar/ros2_ws/build/my_box_bot_description': CMAKE_PREFIX_PATH=${CMAKE_PREFIX_PATH}:/opt/ros/humble /usr/bin/cmake --build /home/mandar/ros2_ws/build/my_box_bot_description -- -j12 -l12
[0.051s] -- Found ament_cmake: 1.3.2 (/opt/ros/humble/share/ament_cmake/cmake)
[0.241s] -- Found urdf: 2.6.0 (/opt/ros/humble/share/urdf/cmake)
[0.290s] -- Found xacro: 2.0.7 (/opt/ros/humble/share/xacro/cmake)
[0.291s] -- Found ament_lint_auto: 0.12.4 (/opt/ros/humble/share/ament_lint_auto/cmake)
[0.381s] -- Added test 'flake8' to check Python code syntax and style conventions
[0.382s] -- Added test 'lint_cmake' to check CMake code style
[0.383s] -- Added test 'pep257' to check Python code against some of the docstring style conventions in PEP 257
[0.385s] -- Added test 'xmllint' to check XML markup files
[0.386s] -- Configuring done
[0.390s] -- Generating done
[0.392s] -- Build files have been written to: /home/mandar/ros2_ws/build/my_box_bot_description
[0.415s] Invoked command in '/home/mandar/ros2_ws/build/my_box_bot_description' returned '0': CMAKE_PREFIX_PATH=${CMAKE_PREFIX_PATH}:/opt/ros/humble /usr/bin/cmake --build /home/mandar/ros2_ws/build/my_box_bot_description -- -j12 -l12
[0.442s] Invoking command in '/home/mandar/ros2_ws/build/my_box_bot_description': CMAKE_PREFIX_PATH=${CMAKE_PREFIX_PATH}:/opt/ros/humble /usr/bin/cmake --install /home/mandar/ros2_ws/build/my_box_bot_description
[0.449s] -- Install configuration: ""
[0.449s] -- Up-to-date: /home/mandar/ros2_ws/install/my_box_bot_description/share/my_box_bot_description//urdf
[0.449s] -- Up-to-date: /home/mandar/ros2_ws/install/my_box_bot_description/share/my_box_bot_description//rviz
[0.449s] -- Up-to-date: /home/mandar/ros2_ws/install/my_box_bot_description/share/my_box_bot_description//launch
[0.449s] -- Up-to-date: /home/mandar/ros2_ws/install/my_box_bot_description/share/my_box_bot_description//meshes
[0.449s] -- Up-to-date: /home/mandar/ros2_ws/install/my_box_bot_description/share/my_box_bot_description//meshes/sensors
[0.450s] -- Up-to-date: /home/mandar/ros2_ws/install/my_box_bot_description/share/my_box_bot_description//meshes/textures
[0.450s] -- Up-to-date: /home/mandar/ros2_ws/install/my_box_bot_description/share/my_box_bot_description//config
[0.450s] -- Installing: /home/mandar/ros2_ws/install/my_box_bot_description/share/my_box_bot_description/package.dsv
[0.453s] Invoked command in '/home/mandar/ros2_ws/build/my_box_bot_description' returned '0': CMAKE_PREFIX_PATH=${CMAKE_PREFIX_PATH}:/opt/ros/humble /usr/bin/cmake --install /home/mandar/ros2_ws/build/my_box_bot_description
