[0.027s] Invoking command in '/home/mandar/ros2_ws/build/my_box_bot_description': CMAKE_PREFIX_PATH=${CMAKE_PREFIX_PATH}:/opt/ros/humble /usr/bin/cmake --build /home/mandar/ros2_ws/build/my_box_bot_description -- -j12 -l12
[0.046s] -- Found ament_cmake: 1.3.2 (/opt/ros/humble/share/ament_cmake/cmake)
[0.234s] -- Found urdf: 2.6.0 (/opt/ros/humble/share/urdf/cmake)
[0.284s] -- Found xacro: 2.0.7 (/opt/ros/humble/share/xacro/cmake)
[0.285s] -- Found ros2_control: 2.16.0 (/opt/ros/humble/share/ros2_control/cmake)
[0.285s] -- Found gazebo_ros2_control: 0.4.0 (/opt/ros/humble/share/gazebo_ros2_control/cmake)
[0.317s] -- Found rosidl_generator_c: 3.1.3 (/opt/ros/humble/share/rosidl_generator_c/cmake)
[0.321s] -- Found rosidl_adapter: 3.1.3 (/opt/ros/humble/share/rosidl_adapter/cmake)
[0.329s] -- Found rosidl_generator_cpp: 3.1.3 (/opt/ros/humble/share/rosidl_generator_cpp/cmake)
[0.344s] -- Using all available rosidl_typesupport_c: rosidl_typesupport_fastrtps_c;rosidl_typesupport_introspection_c
[0.363s] -- Using all available rosidl_typesupport_cpp: rosidl_typesupport_fastrtps_cpp;rosidl_typesupport_introspection_cpp
[0.448s] -- Found rmw_implementation_cmake: 6.1.0 (/opt/ros/humble/share/rmw_implementation_cmake/cmake)
[0.450s] -- Found rmw_fastrtps_cpp: 6.2.1 (/opt/ros/humble/share/rmw_fastrtps_cpp/cmake)
[0.636s] -- Using RMW implementation 'rmw_fastrtps_cpp' as default
[0.869s] -- Found joint_state_broadcaster: 2.12.0 (/opt/ros/humble/share/joint_state_broadcaster/cmake)
[1.934s] -- Found joint_trajectory_controller: 2.12.0 (/opt/ros/humble/share/joint_trajectory_controller/cmake)
[2.373s] -- Found velocity_controllers: 2.12.0 (/opt/ros/humble/share/velocity_controllers/cmake)
[3.222s] -- Found ament_lint_auto: 0.12.4 (/opt/ros/humble/share/ament_lint_auto/cmake)
[3.317s] -- Added test 'copyright' to check source files copyright and LICENSE
[3.324s] -- Added test 'flake8' to check Python code syntax and style conventions
[3.325s] -- Added test 'lint_cmake' to check CMake code style
[3.326s] -- Added test 'pep257' to check Python code against some of the docstring style conventions in PEP 257
[3.329s] -- Added test 'xmllint' to check XML markup files
[3.330s] -- Configuring done
[3.339s] -- Generating done
[3.343s] -- Build files have been written to: /home/mandar/ros2_ws/build/my_box_bot_description
[3.374s] Invoked command in '/home/mandar/ros2_ws/build/my_box_bot_description' returned '0': CMAKE_PREFIX_PATH=${CMAKE_PREFIX_PATH}:/opt/ros/humble /usr/bin/cmake --build /home/mandar/ros2_ws/build/my_box_bot_description -- -j12 -l12
[3.409s] Invoking command in '/home/mandar/ros2_ws/build/my_box_bot_description': CMAKE_PREFIX_PATH=${CMAKE_PREFIX_PATH}:/opt/ros/humble /usr/bin/cmake --install /home/mandar/ros2_ws/build/my_box_bot_description
[3.418s] -- Install configuration: ""
[3.418s] -- Up-to-date: /home/mandar/ros2_ws/install/my_box_bot_description/share/my_box_bot_description//urdf
[3.418s] -- Up-to-date: /home/mandar/ros2_ws/install/my_box_bot_description/share/my_box_bot_description//rviz
[3.419s] -- Up-to-date: /home/mandar/ros2_ws/install/my_box_bot_description/share/my_box_bot_description//launch
[3.419s] -- Up-to-date: /home/mandar/ros2_ws/install/my_box_bot_description/share/my_box_bot_description//meshes
[3.419s] -- Up-to-date: /home/mandar/ros2_ws/install/my_box_bot_description/share/my_box_bot_description//meshes/sensors
[3.419s] -- Up-to-date: /home/mandar/ros2_ws/install/my_box_bot_description/share/my_box_bot_description//meshes/textures
[3.419s] -- Up-to-date: /home/mandar/ros2_ws/install/my_box_bot_description/share/my_box_bot_description//config
[3.420s] -- Installing: /home/mandar/ros2_ws/install/my_box_bot_description/share/my_box_bot_description/package.dsv
[3.423s] Invoked command in '/home/mandar/ros2_ws/build/my_box_bot_description' returned '0': CMAKE_PREFIX_PATH=${CMAKE_PREFIX_PATH}:/opt/ros/humble /usr/bin/cmake --install /home/mandar/ros2_ws/build/my_box_bot_description
