[0.677s] DEBUG:colcon:Command line arguments: ['/home/mandar/.local/bin/colcon', 'build']
[0.677s] DEBUG:colcon:Parsed command line arguments: Namespace(log_base=None, log_level=None, verb_name='build', build_base='build', install_base='install', merge_install=False, symlink_install=False, test_result_base=None, continue_on_error=False, executor='parallel', parallel_workers=12, event_handlers=None, ignore_user_meta=False, metas=['./colcon.meta'], base_paths=['.'], packages_ignore=None, packages_ignore_regex=None, paths=None, packages_up_to=None, packages_up_to_regex=None, packages_above=None, packages_above_and_dependencies=None, packages_above_depth=None, packages_select_by_dep=None, packages_skip_by_dep=None, packages_skip_up_to=None, packages_select_build_failed=False, packages_skip_build_finished=False, packages_select_test_failures=False, packages_skip_test_passed=False, packages_select=None, packages_skip=None, packages_select_regex=None, packages_skip_regex=None, packages_start=None, packages_end=None, allow_overriding=[], cmake_args=None, cmake_target=None, cmake_target_skip_unavailable=False, cmake_clean_cache=False, cmake_clean_first=False, cmake_force_configure=False, ament_cmake_args=None, catkin_cmake_args=None, catkin_skip_building_tests=False, verb_parser=<colcon_defaults.argument_parser.defaults.DefaultArgumentsDecorator object at 0x7f1c4e94e110>, verb_extension=<colcon_core.verb.build.BuildVerb object at 0x7f1c4eb17b80>, main=<bound method BuildVerb.main of <colcon_core.verb.build.BuildVerb object at 0x7f1c4eb17b80>>)
[0.715s] Level 1:colcon.colcon_core.package_discovery:discover_packages(colcon_meta) check parameters
[0.715s] Level 1:colcon.colcon_core.package_discovery:discover_packages(recursive) check parameters
[0.715s] Level 1:colcon.colcon_core.package_discovery:discover_packages(ignore) check parameters
[0.715s] Level 1:colcon.colcon_core.package_discovery:discover_packages(path) check parameters
[0.715s] Level 1:colcon.colcon_core.package_discovery:discover_packages(colcon_meta) discover
[0.716s] Level 1:colcon.colcon_core.package_discovery:discover_packages(recursive) discover
[0.716s] INFO:colcon.colcon_core.package_discovery:Crawling recursively for packages in '/home/mandar/ros2_ws'
[0.716s] Level 1:colcon.colcon_core.package_identification:_identify(.) by extensions ['ignore', 'ignore_ament_install']
[0.716s] Level 1:colcon.colcon_core.package_identification:_identify(.) by extension 'ignore'
[0.716s] Level 1:colcon.colcon_core.package_identification:_identify(.) by extension 'ignore_ament_install'
[0.716s] Level 1:colcon.colcon_core.package_identification:_identify(.) by extensions ['colcon_pkg']
[0.716s] Level 1:colcon.colcon_core.package_identification:_identify(.) by extension 'colcon_pkg'
[0.716s] Level 1:colcon.colcon_core.package_identification:_identify(.) by extensions ['colcon_meta']
[0.716s] Level 1:colcon.colcon_core.package_identification:_identify(.) by extension 'colcon_meta'
[0.716s] Level 1:colcon.colcon_core.package_identification:_identify(.) by extensions ['ros']
[0.716s] Level 1:colcon.colcon_core.package_identification:_identify(.) by extension 'ros'
[0.730s] Level 1:colcon.colcon_core.package_identification:_identify(.) by extensions ['cmake', 'python']
[0.730s] Level 1:colcon.colcon_core.package_identification:_identify(.) by extension 'cmake'
[0.731s] Level 1:colcon.colcon_core.package_identification:_identify(.) by extension 'python'
[0.731s] Level 1:colcon.colcon_core.package_identification:_identify(.) by extensions ['python_setup_py']
[0.731s] Level 1:colcon.colcon_core.package_identification:_identify(.) by extension 'python_setup_py'
[0.731s] Level 1:colcon.colcon_core.package_identification:_identify(build) by extensions ['ignore', 'ignore_ament_install']
[0.731s] Level 1:colcon.colcon_core.package_identification:_identify(build) by extension 'ignore'
[0.731s] Level 1:colcon.colcon_core.package_identification:_identify(build) ignored
[0.731s] Level 1:colcon.colcon_core.package_identification:_identify(install) by extensions ['ignore', 'ignore_ament_install']
[0.731s] Level 1:colcon.colcon_core.package_identification:_identify(install) by extension 'ignore'
[0.731s] Level 1:colcon.colcon_core.package_identification:_identify(install) ignored
[0.732s] Level 1:colcon.colcon_core.package_identification:_identify(log) by extensions ['ignore', 'ignore_ament_install']
[0.732s] Level 1:colcon.colcon_core.package_identification:_identify(log) by extension 'ignore'
[0.732s] Level 1:colcon.colcon_core.package_identification:_identify(log) ignored
[0.732s] Level 1:colcon.colcon_core.package_identification:_identify(src) by extensions ['ignore', 'ignore_ament_install']
[0.732s] Level 1:colcon.colcon_core.package_identification:_identify(src) by extension 'ignore'
[0.732s] Level 1:colcon.colcon_core.package_identification:_identify(src) by extension 'ignore_ament_install'
[0.732s] Level 1:colcon.colcon_core.package_identification:_identify(src) by extensions ['colcon_pkg']
[0.732s] Level 1:colcon.colcon_core.package_identification:_identify(src) by extension 'colcon_pkg'
[0.732s] Level 1:colcon.colcon_core.package_identification:_identify(src) by extensions ['colcon_meta']
[0.732s] Level 1:colcon.colcon_core.package_identification:_identify(src) by extension 'colcon_meta'
[0.732s] Level 1:colcon.colcon_core.package_identification:_identify(src) by extensions ['ros']
[0.732s] Level 1:colcon.colcon_core.package_identification:_identify(src) by extension 'ros'
[0.732s] Level 1:colcon.colcon_core.package_identification:_identify(src) by extensions ['cmake', 'python']
[0.732s] Level 1:colcon.colcon_core.package_identification:_identify(src) by extension 'cmake'
[0.733s] Level 1:colcon.colcon_core.package_identification:_identify(src) by extension 'python'
[0.733s] Level 1:colcon.colcon_core.package_identification:_identify(src) by extensions ['python_setup_py']
[0.733s] Level 1:colcon.colcon_core.package_identification:_identify(src) by extension 'python_setup_py'
[0.733s] Level 1:colcon.colcon_core.package_identification:_identify(src/my_box_bot_description) by extensions ['ignore', 'ignore_ament_install']
[0.733s] Level 1:colcon.colcon_core.package_identification:_identify(src/my_box_bot_description) by extension 'ignore'
[0.733s] Level 1:colcon.colcon_core.package_identification:_identify(src/my_box_bot_description) by extension 'ignore_ament_install'
[0.733s] Level 1:colcon.colcon_core.package_identification:_identify(src/my_box_bot_description) by extensions ['colcon_pkg']
[0.733s] Level 1:colcon.colcon_core.package_identification:_identify(src/my_box_bot_description) by extension 'colcon_pkg'
[0.733s] Level 1:colcon.colcon_core.package_identification:_identify(src/my_box_bot_description) by extensions ['colcon_meta']
[0.733s] Level 1:colcon.colcon_core.package_identification:_identify(src/my_box_bot_description) by extension 'colcon_meta'
[0.733s] Level 1:colcon.colcon_core.package_identification:_identify(src/my_box_bot_description) by extensions ['ros']
[0.733s] Level 1:colcon.colcon_core.package_identification:_identify(src/my_box_bot_description) by extension 'ros'
[0.737s] DEBUG:colcon.colcon_core.package_identification:Package 'src/my_box_bot_description' with type 'ros.ament_cmake' and name 'my_box_bot_description'
[0.737s] Level 1:colcon.colcon_core.package_identification:_identify(src/my_box_bot_gazebo) by extensions ['ignore', 'ignore_ament_install']
[0.737s] Level 1:colcon.colcon_core.package_identification:_identify(src/my_box_bot_gazebo) by extension 'ignore'
[0.737s] Level 1:colcon.colcon_core.package_identification:_identify(src/my_box_bot_gazebo) by extension 'ignore_ament_install'
[0.737s] Level 1:colcon.colcon_core.package_identification:_identify(src/my_box_bot_gazebo) by extensions ['colcon_pkg']
[0.737s] Level 1:colcon.colcon_core.package_identification:_identify(src/my_box_bot_gazebo) by extension 'colcon_pkg'
[0.737s] Level 1:colcon.colcon_core.package_identification:_identify(src/my_box_bot_gazebo) by extensions ['colcon_meta']
[0.737s] Level 1:colcon.colcon_core.package_identification:_identify(src/my_box_bot_gazebo) by extension 'colcon_meta'
[0.738s] Level 1:colcon.colcon_core.package_identification:_identify(src/my_box_bot_gazebo) by extensions ['ros']
[0.738s] Level 1:colcon.colcon_core.package_identification:_identify(src/my_box_bot_gazebo) by extension 'ros'
[0.738s] DEBUG:colcon.colcon_core.package_identification:Package 'src/my_box_bot_gazebo' with type 'ros.ament_cmake' and name 'my_box_bot_gazebo'
[0.738s] Level 1:colcon.colcon_core.package_discovery:discover_packages(recursive) using defaults
[0.739s] Level 1:colcon.colcon_core.package_discovery:discover_packages(ignore) discover
[0.739s] Level 1:colcon.colcon_core.package_discovery:discover_packages(ignore) using defaults
[0.739s] Level 1:colcon.colcon_core.package_discovery:discover_packages(path) discover
[0.739s] Level 1:colcon.colcon_core.package_discovery:discover_packages(path) using defaults
[0.780s] Level 1:colcon.colcon_core.package_discovery:discover_packages(prefix_path) check parameters
[0.780s] Level 1:colcon.colcon_core.package_discovery:discover_packages(prefix_path) discover
[0.789s] DEBUG:colcon.colcon_installed_package_information.package_discovery:Found 2 installed packages in /home/mandar/ros2_ws/install
[0.795s] DEBUG:colcon.colcon_installed_package_information.package_discovery:Found 371 installed packages in /opt/ros/humble
[0.797s] Level 1:colcon.colcon_core.package_discovery:discover_packages(prefix_path) using defaults
[0.905s] Level 5:colcon.colcon_core.verb:set package 'my_box_bot_description' build argument 'cmake_args' from command line to 'None'
[0.905s] Level 5:colcon.colcon_core.verb:set package 'my_box_bot_description' build argument 'cmake_target' from command line to 'None'
[0.905s] Level 5:colcon.colcon_core.verb:set package 'my_box_bot_description' build argument 'cmake_target_skip_unavailable' from command line to 'False'
[0.905s] Level 5:colcon.colcon_core.verb:set package 'my_box_bot_description' build argument 'cmake_clean_cache' from command line to 'False'
[0.905s] Level 5:colcon.colcon_core.verb:set package 'my_box_bot_description' build argument 'cmake_clean_first' from command line to 'False'
[0.905s] Level 5:colcon.colcon_core.verb:set package 'my_box_bot_description' build argument 'cmake_force_configure' from command line to 'False'
[0.905s] Level 5:colcon.colcon_core.verb:set package 'my_box_bot_description' build argument 'ament_cmake_args' from command line to 'None'
[0.905s] Level 5:colcon.colcon_core.verb:set package 'my_box_bot_description' build argument 'catkin_cmake_args' from command line to 'None'
[0.905s] Level 5:colcon.colcon_core.verb:set package 'my_box_bot_description' build argument 'catkin_skip_building_tests' from command line to 'False'
[0.905s] DEBUG:colcon.colcon_core.verb:Building package 'my_box_bot_description' with the following arguments: {'ament_cmake_args': None, 'build_base': '/home/mandar/ros2_ws/build/my_box_bot_description', 'catkin_cmake_args': None, 'catkin_skip_building_tests': False, 'cmake_args': None, 'cmake_clean_cache': False, 'cmake_clean_first': False, 'cmake_force_configure': False, 'cmake_target': None, 'cmake_target_skip_unavailable': False, 'install_base': '/home/mandar/ros2_ws/install/my_box_bot_description', 'merge_install': False, 'path': '/home/mandar/ros2_ws/src/my_box_bot_description', 'symlink_install': False, 'test_result_base': None}
[0.914s] Level 5:colcon.colcon_core.verb:set package 'my_box_bot_gazebo' build argument 'cmake_args' from command line to 'None'
[0.914s] Level 5:colcon.colcon_core.verb:set package 'my_box_bot_gazebo' build argument 'cmake_target' from command line to 'None'
[0.914s] Level 5:colcon.colcon_core.verb:set package 'my_box_bot_gazebo' build argument 'cmake_target_skip_unavailable' from command line to 'False'
[0.914s] Level 5:colcon.colcon_core.verb:set package 'my_box_bot_gazebo' build argument 'cmake_clean_cache' from command line to 'False'
[0.914s] Level 5:colcon.colcon_core.verb:set package 'my_box_bot_gazebo' build argument 'cmake_clean_first' from command line to 'False'
[0.914s] Level 5:colcon.colcon_core.verb:set package 'my_box_bot_gazebo' build argument 'cmake_force_configure' from command line to 'False'
[0.914s] Level 5:colcon.colcon_core.verb:set package 'my_box_bot_gazebo' build argument 'ament_cmake_args' from command line to 'None'
[0.914s] Level 5:colcon.colcon_core.verb:set package 'my_box_bot_gazebo' build argument 'catkin_cmake_args' from command line to 'None'
[0.914s] Level 5:colcon.colcon_core.verb:set package 'my_box_bot_gazebo' build argument 'catkin_skip_building_tests' from command line to 'False'
[0.914s] DEBUG:colcon.colcon_core.verb:Building package 'my_box_bot_gazebo' with the following arguments: {'ament_cmake_args': None, 'build_base': '/home/mandar/ros2_ws/build/my_box_bot_gazebo', 'catkin_cmake_args': None, 'catkin_skip_building_tests': False, 'cmake_args': None, 'cmake_clean_cache': False, 'cmake_clean_first': False, 'cmake_force_configure': False, 'cmake_target': None, 'cmake_target_skip_unavailable': False, 'install_base': '/home/mandar/ros2_ws/install/my_box_bot_gazebo', 'merge_install': False, 'path': '/home/mandar/ros2_ws/src/my_box_bot_gazebo', 'symlink_install': False, 'test_result_base': None}
[0.916s] INFO:colcon.colcon_core.executor:Executing jobs using 'parallel' executor
[0.928s] DEBUG:colcon.colcon_parallel_executor.executor.parallel:run_until_complete
[0.929s] INFO:colcon.colcon_ros.task.ament_cmake.build:Building ROS package in '/home/mandar/ros2_ws/src/my_box_bot_description' with build type 'ament_cmake'
[0.929s] INFO:colcon.colcon_cmake.task.cmake.build:Building CMake package in '/home/mandar/ros2_ws/src/my_box_bot_description'
[0.938s] INFO:colcon.colcon_core.plugin_system:Skipping extension 'colcon_core.shell.bat': Not used on non-Windows systems
[0.938s] INFO:colcon.colcon_core.shell:Skip shell extension 'powershell' for command environment: Not usable outside of PowerShell
[0.938s] DEBUG:colcon.colcon_core.shell:Skip shell extension 'dsv' for command environment
[0.961s] DEBUG:colcon.colcon_core.event_handler.log_command:Invoking command in '/home/mandar/ros2_ws/build/my_box_bot_description': CMAKE_PREFIX_PATH=${CMAKE_PREFIX_PATH}:/opt/ros/humble /usr/bin/cmake --build /home/mandar/ros2_ws/build/my_box_bot_description -- -j12 -l12
[4.309s] DEBUG:colcon.colcon_core.event_handler.log_command:Invoked command in '/home/mandar/ros2_ws/build/my_box_bot_description' returned '0': CMAKE_PREFIX_PATH=${CMAKE_PREFIX_PATH}:/opt/ros/humble /usr/bin/cmake --build /home/mandar/ros2_ws/build/my_box_bot_description -- -j12 -l12
[4.344s] DEBUG:colcon.colcon_core.event_handler.log_command:Invoking command in '/home/mandar/ros2_ws/build/my_box_bot_description': CMAKE_PREFIX_PATH=${CMAKE_PREFIX_PATH}:/opt/ros/humble /usr/bin/cmake --install /home/mandar/ros2_ws/build/my_box_bot_description
[4.356s] Level 1:colcon.colcon_core.environment:create_environment_scripts_only(my_box_bot_description)
[4.357s] DEBUG:colcon.colcon_core.event_handler.log_command:Invoked command in '/home/mandar/ros2_ws/build/my_box_bot_description' returned '0': CMAKE_PREFIX_PATH=${CMAKE_PREFIX_PATH}:/opt/ros/humble /usr/bin/cmake --install /home/mandar/ros2_ws/build/my_box_bot_description
[4.365s] Level 1:colcon.colcon_core.environment:checking '/home/mandar/ros2_ws/install/my_box_bot_description' for CMake module files
[4.366s] Level 1:colcon.colcon_core.environment:checking '/home/mandar/ros2_ws/install/my_box_bot_description' for CMake config files
[4.366s] Level 1:colcon.colcon_core.shell:create_environment_hook('my_box_bot_description', 'cmake_prefix_path')
[4.371s] INFO:colcon.colcon_core.shell:Creating environment hook '/home/mandar/ros2_ws/install/my_box_bot_description/share/my_box_bot_description/hook/cmake_prefix_path.ps1'
[4.372s] INFO:colcon.colcon_core.shell:Creating environment descriptor '/home/mandar/ros2_ws/install/my_box_bot_description/share/my_box_bot_description/hook/cmake_prefix_path.dsv'
[4.373s] INFO:colcon.colcon_core.shell:Creating environment hook '/home/mandar/ros2_ws/install/my_box_bot_description/share/my_box_bot_description/hook/cmake_prefix_path.sh'
[4.374s] Level 1:colcon.colcon_core.environment:checking '/home/mandar/ros2_ws/install/my_box_bot_description/bin'
[4.374s] Level 1:colcon.colcon_core.environment:checking '/home/mandar/ros2_ws/install/my_box_bot_description/lib/pkgconfig/my_box_bot_description.pc'
[4.374s] Level 1:colcon.colcon_core.environment:checking '/home/mandar/ros2_ws/install/my_box_bot_description/lib/python3.10/site-packages'
[4.374s] Level 1:colcon.colcon_core.environment:checking '/home/mandar/ros2_ws/install/my_box_bot_description/bin'
[4.379s] INFO:colcon.colcon_core.shell:Creating package script '/home/mandar/ros2_ws/install/my_box_bot_description/share/my_box_bot_description/package.ps1'
[4.380s] INFO:colcon.colcon_core.shell:Creating package descriptor '/home/mandar/ros2_ws/install/my_box_bot_description/share/my_box_bot_description/package.dsv'
[4.381s] INFO:colcon.colcon_core.shell:Creating package script '/home/mandar/ros2_ws/install/my_box_bot_description/share/my_box_bot_description/package.sh'
[4.382s] INFO:colcon.colcon_core.shell:Creating package script '/home/mandar/ros2_ws/install/my_box_bot_description/share/my_box_bot_description/package.bash'
[4.382s] INFO:colcon.colcon_core.shell:Creating package script '/home/mandar/ros2_ws/install/my_box_bot_description/share/my_box_bot_description/package.zsh'
[4.383s] Level 1:colcon.colcon_core.environment:create_file_with_runtime_dependencies(/home/mandar/ros2_ws/install/my_box_bot_description/share/colcon-core/packages/my_box_bot_description)
[4.413s] Level 1:colcon.colcon_core.environment:create_environment_scripts_only(my_box_bot_description)
[4.419s] Level 1:colcon.colcon_core.environment:checking '/home/mandar/ros2_ws/install/my_box_bot_description' for CMake module files
[4.419s] Level 1:colcon.colcon_core.environment:checking '/home/mandar/ros2_ws/install/my_box_bot_description' for CMake config files
[4.420s] Level 1:colcon.colcon_core.shell:create_environment_hook('my_box_bot_description', 'cmake_prefix_path')
[4.425s] INFO:colcon.colcon_core.shell:Creating environment hook '/home/mandar/ros2_ws/install/my_box_bot_description/share/my_box_bot_description/hook/cmake_prefix_path.ps1'
[4.426s] INFO:colcon.colcon_core.shell:Creating environment descriptor '/home/mandar/ros2_ws/install/my_box_bot_description/share/my_box_bot_description/hook/cmake_prefix_path.dsv'
[4.426s] INFO:colcon.colcon_core.shell:Creating environment hook '/home/mandar/ros2_ws/install/my_box_bot_description/share/my_box_bot_description/hook/cmake_prefix_path.sh'
[4.427s] Level 1:colcon.colcon_core.environment:checking '/home/mandar/ros2_ws/install/my_box_bot_description/bin'
[4.427s] Level 1:colcon.colcon_core.environment:checking '/home/mandar/ros2_ws/install/my_box_bot_description/lib/pkgconfig/my_box_bot_description.pc'
[4.427s] Level 1:colcon.colcon_core.environment:checking '/home/mandar/ros2_ws/install/my_box_bot_description/lib/python3.10/site-packages'
[4.427s] Level 1:colcon.colcon_core.environment:checking '/home/mandar/ros2_ws/install/my_box_bot_description/bin'
[4.432s] INFO:colcon.colcon_core.shell:Creating package script '/home/mandar/ros2_ws/install/my_box_bot_description/share/my_box_bot_description/package.ps1'
[4.433s] INFO:colcon.colcon_core.shell:Creating package descriptor '/home/mandar/ros2_ws/install/my_box_bot_description/share/my_box_bot_description/package.dsv'
[4.433s] INFO:colcon.colcon_core.shell:Creating package script '/home/mandar/ros2_ws/install/my_box_bot_description/share/my_box_bot_description/package.sh'
[4.434s] INFO:colcon.colcon_core.shell:Creating package script '/home/mandar/ros2_ws/install/my_box_bot_description/share/my_box_bot_description/package.bash'
[4.434s] INFO:colcon.colcon_core.shell:Creating package script '/home/mandar/ros2_ws/install/my_box_bot_description/share/my_box_bot_description/package.zsh'
[4.435s] Level 1:colcon.colcon_core.environment:create_file_with_runtime_dependencies(/home/mandar/ros2_ws/install/my_box_bot_description/share/colcon-core/packages/my_box_bot_description)
[4.435s] INFO:colcon.colcon_ros.task.ament_cmake.build:Building ROS package in '/home/mandar/ros2_ws/src/my_box_bot_gazebo' with build type 'ament_cmake'
[4.435s] INFO:colcon.colcon_cmake.task.cmake.build:Building CMake package in '/home/mandar/ros2_ws/src/my_box_bot_gazebo'
[4.440s] INFO:colcon.colcon_core.shell:Skip shell extension 'powershell' for command environment: Not usable outside of PowerShell
[4.440s] DEBUG:colcon.colcon_core.shell:Skip shell extension 'dsv' for command environment
[4.464s] DEBUG:colcon.colcon_core.event_handler.log_command:Invoking command in '/home/mandar/ros2_ws/build/my_box_bot_gazebo': CMAKE_PREFIX_PATH=/home/mandar/ros2_ws/install/my_box_bot_description:/home/mandar/ros2_ws/install/my_box_bot_gazebo:/opt/ros/humble /usr/bin/cmake --build /home/mandar/ros2_ws/build/my_box_bot_gazebo -- -j12 -l12
[6.020s] DEBUG:colcon.colcon_core.event_handler.log_command:Invoked command in '/home/mandar/ros2_ws/build/my_box_bot_gazebo' returned '0': CMAKE_PREFIX_PATH=/home/mandar/ros2_ws/install/my_box_bot_description:/home/mandar/ros2_ws/install/my_box_bot_gazebo:/opt/ros/humble /usr/bin/cmake --build /home/mandar/ros2_ws/build/my_box_bot_gazebo -- -j12 -l12
[6.038s] DEBUG:colcon.colcon_core.event_handler.log_command:Invoking command in '/home/mandar/ros2_ws/build/my_box_bot_gazebo': CMAKE_PREFIX_PATH=/home/mandar/ros2_ws/install/my_box_bot_description:/home/mandar/ros2_ws/install/my_box_bot_gazebo:/opt/ros/humble /usr/bin/cmake --install /home/mandar/ros2_ws/build/my_box_bot_gazebo
[6.045s] Level 1:colcon.colcon_core.environment:create_environment_scripts_only(my_box_bot_gazebo)
[6.045s] DEBUG:colcon.colcon_core.event_handler.log_command:Invoked command in '/home/mandar/ros2_ws/build/my_box_bot_gazebo' returned '0': CMAKE_PREFIX_PATH=/home/mandar/ros2_ws/install/my_box_bot_description:/home/mandar/ros2_ws/install/my_box_bot_gazebo:/opt/ros/humble /usr/bin/cmake --install /home/mandar/ros2_ws/build/my_box_bot_gazebo
[6.049s] Level 1:colcon.colcon_core.environment:checking '/home/mandar/ros2_ws/install/my_box_bot_gazebo' for CMake module files
[6.050s] Level 1:colcon.colcon_core.environment:checking '/home/mandar/ros2_ws/install/my_box_bot_gazebo' for CMake config files
[6.050s] Level 1:colcon.colcon_core.shell:create_environment_hook('my_box_bot_gazebo', 'cmake_prefix_path')
[6.054s] INFO:colcon.colcon_core.shell:Creating environment hook '/home/mandar/ros2_ws/install/my_box_bot_gazebo/share/my_box_bot_gazebo/hook/cmake_prefix_path.ps1'
[6.054s] INFO:colcon.colcon_core.shell:Creating environment descriptor '/home/mandar/ros2_ws/install/my_box_bot_gazebo/share/my_box_bot_gazebo/hook/cmake_prefix_path.dsv'
[6.054s] INFO:colcon.colcon_core.shell:Creating environment hook '/home/mandar/ros2_ws/install/my_box_bot_gazebo/share/my_box_bot_gazebo/hook/cmake_prefix_path.sh'
[6.055s] Level 1:colcon.colcon_core.environment:checking '/home/mandar/ros2_ws/install/my_box_bot_gazebo/lib'
[6.055s] Level 1:colcon.colcon_core.environment:checking '/home/mandar/ros2_ws/install/my_box_bot_gazebo/bin'
[6.055s] Level 1:colcon.colcon_core.environment:checking '/home/mandar/ros2_ws/install/my_box_bot_gazebo/lib/pkgconfig/my_box_bot_gazebo.pc'
[6.055s] Level 1:colcon.colcon_core.environment:checking '/home/mandar/ros2_ws/install/my_box_bot_gazebo/lib/python3.10/site-packages'
[6.055s] Level 1:colcon.colcon_core.environment:checking '/home/mandar/ros2_ws/install/my_box_bot_gazebo/bin'
[6.059s] INFO:colcon.colcon_core.shell:Creating package script '/home/mandar/ros2_ws/install/my_box_bot_gazebo/share/my_box_bot_gazebo/package.ps1'
[6.059s] INFO:colcon.colcon_core.shell:Creating package descriptor '/home/mandar/ros2_ws/install/my_box_bot_gazebo/share/my_box_bot_gazebo/package.dsv'
[6.059s] INFO:colcon.colcon_core.shell:Creating package script '/home/mandar/ros2_ws/install/my_box_bot_gazebo/share/my_box_bot_gazebo/package.sh'
[6.060s] INFO:colcon.colcon_core.shell:Creating package script '/home/mandar/ros2_ws/install/my_box_bot_gazebo/share/my_box_bot_gazebo/package.bash'
[6.060s] INFO:colcon.colcon_core.shell:Creating package script '/home/mandar/ros2_ws/install/my_box_bot_gazebo/share/my_box_bot_gazebo/package.zsh'
[6.060s] Level 1:colcon.colcon_core.environment:create_file_with_runtime_dependencies(/home/mandar/ros2_ws/install/my_box_bot_gazebo/share/colcon-core/packages/my_box_bot_gazebo)
[6.082s] Level 1:colcon.colcon_core.environment:create_environment_scripts_only(my_box_bot_gazebo)
[6.086s] Level 1:colcon.colcon_core.environment:checking '/home/mandar/ros2_ws/install/my_box_bot_gazebo' for CMake module files
[6.086s] Level 1:colcon.colcon_core.environment:checking '/home/mandar/ros2_ws/install/my_box_bot_gazebo' for CMake config files
[6.086s] Level 1:colcon.colcon_core.shell:create_environment_hook('my_box_bot_gazebo', 'cmake_prefix_path')
[6.090s] INFO:colcon.colcon_core.shell:Creating environment hook '/home/mandar/ros2_ws/install/my_box_bot_gazebo/share/my_box_bot_gazebo/hook/cmake_prefix_path.ps1'
[6.090s] INFO:colcon.colcon_core.shell:Creating environment descriptor '/home/mandar/ros2_ws/install/my_box_bot_gazebo/share/my_box_bot_gazebo/hook/cmake_prefix_path.dsv'
[6.091s] INFO:colcon.colcon_core.shell:Creating environment hook '/home/mandar/ros2_ws/install/my_box_bot_gazebo/share/my_box_bot_gazebo/hook/cmake_prefix_path.sh'
[6.091s] Level 1:colcon.colcon_core.environment:checking '/home/mandar/ros2_ws/install/my_box_bot_gazebo/lib'
[6.091s] Level 1:colcon.colcon_core.environment:checking '/home/mandar/ros2_ws/install/my_box_bot_gazebo/bin'
[6.091s] Level 1:colcon.colcon_core.environment:checking '/home/mandar/ros2_ws/install/my_box_bot_gazebo/lib/pkgconfig/my_box_bot_gazebo.pc'
[6.092s] Level 1:colcon.colcon_core.environment:checking '/home/mandar/ros2_ws/install/my_box_bot_gazebo/lib/python3.10/site-packages'
[6.092s] Level 1:colcon.colcon_core.environment:checking '/home/mandar/ros2_ws/install/my_box_bot_gazebo/bin'
[6.098s] INFO:colcon.colcon_core.shell:Creating package script '/home/mandar/ros2_ws/install/my_box_bot_gazebo/share/my_box_bot_gazebo/package.ps1'
[6.099s] INFO:colcon.colcon_core.shell:Creating package descriptor '/home/mandar/ros2_ws/install/my_box_bot_gazebo/share/my_box_bot_gazebo/package.dsv'
[6.099s] INFO:colcon.colcon_core.shell:Creating package script '/home/mandar/ros2_ws/install/my_box_bot_gazebo/share/my_box_bot_gazebo/package.sh'
[6.100s] INFO:colcon.colcon_core.shell:Creating package script '/home/mandar/ros2_ws/install/my_box_bot_gazebo/share/my_box_bot_gazebo/package.bash'
[6.100s] INFO:colcon.colcon_core.shell:Creating package script '/home/mandar/ros2_ws/install/my_box_bot_gazebo/share/my_box_bot_gazebo/package.zsh'
[6.101s] Level 1:colcon.colcon_core.environment:create_file_with_runtime_dependencies(/home/mandar/ros2_ws/install/my_box_bot_gazebo/share/colcon-core/packages/my_box_bot_gazebo)
[6.101s] DEBUG:colcon.colcon_parallel_executor.executor.parallel:closing loop
[6.101s] DEBUG:colcon.colcon_parallel_executor.executor.parallel:loop closed
[6.101s] DEBUG:colcon.colcon_parallel_executor.executor.parallel:run_until_complete finished with '0'
[6.101s] DEBUG:colcon.colcon_core.event_reactor:joining thread
[6.109s] INFO:colcon.colcon_core.plugin_system:Skipping extension 'colcon_notification.desktop_notification.terminal_notifier': Not used on non-Darwin systems
[6.109s] INFO:colcon.colcon_core.plugin_system:Skipping extension 'colcon_notification.desktop_notification.win32': Not used on non-Windows systems
[6.109s] INFO:colcon.colcon_notification.desktop_notification:Sending desktop notification using 'notify2'
[6.126s] DEBUG:colcon.colcon_core.event_reactor:joined thread
[6.131s] INFO:colcon.colcon_core.shell:Creating prefix script '/home/mandar/ros2_ws/install/local_setup.ps1'
[6.132s] INFO:colcon.colcon_core.shell:Creating prefix util module '/home/mandar/ros2_ws/install/_local_setup_util_ps1.py'
[6.134s] INFO:colcon.colcon_core.shell:Creating prefix chain script '/home/mandar/ros2_ws/install/setup.ps1'
[6.139s] INFO:colcon.colcon_core.shell:Creating prefix script '/home/mandar/ros2_ws/install/local_setup.sh'
[6.140s] INFO:colcon.colcon_core.shell:Creating prefix util module '/home/mandar/ros2_ws/install/_local_setup_util_sh.py'
[6.141s] INFO:colcon.colcon_core.shell:Creating prefix chain script '/home/mandar/ros2_ws/install/setup.sh'
[6.146s] INFO:colcon.colcon_core.shell:Creating prefix script '/home/mandar/ros2_ws/install/local_setup.bash'
[6.147s] INFO:colcon.colcon_core.shell:Creating prefix chain script '/home/mandar/ros2_ws/install/setup.bash'
[6.152s] INFO:colcon.colcon_core.shell:Creating prefix script '/home/mandar/ros2_ws/install/local_setup.zsh'
[6.153s] INFO:colcon.colcon_core.shell:Creating prefix chain script '/home/mandar/ros2_ws/install/setup.zsh'
